This is pdfTeX, Version 3.1415926-1.40.10 (TeX Live 2009) (format=pdftex 2010.8.31)  8 JAN 2011 12:52
entering extended mode
 %&-line parsing enabled.
**FDL-setup.pdf_tex
(./FDL-setup.pdf_tex
! Undefined control sequence.
l.28   \makeatletter
                    
? q
OK, entering \batchmode...
! Undefined control sequence.
l.29   \providecommand
                      \color[2][]{%
The control sequence at the end of the top line
of your error message was never \def'ed. If you have
misspelled it (e.g., `\hobx'), type `I' and the correct
spelling (e.g., `I\hbox'). Otherwise just continue,
and I'll forget about whatever was undefined.

! Undefined control sequence.
l.29   \providecommand\color
                            [2][]{%
The control sequence at the end of the top line
of your error message was never \def'ed. If you have
misspelled it (e.g., `\hobx'), type `I' and the correct
spelling (e.g., `I\hbox'). Otherwise just continue,
and I'll forget about whatever was undefined.

! (Inkscape) Color is used for the text in Inkscape, but the package 'color.sty
' is not loaded.
l.30 ...but the package 'color.sty' is not loaded}
                                                  
This error message was generated by an \errmessage
command, so I can't give any explicit help.
Pretend that you're Hercule Poirot: Examine all clues,
and deduce the truth by order and method.

! Undefined control sequence.
l.31     \renewcommand
                      \color[2][]{}%
The control sequence at the end of the top line
of your error message was never \def'ed. If you have
misspelled it (e.g., `\hobx'), type `I' and the correct
spelling (e.g., `I\hbox'). Otherwise just continue,
and I'll forget about whatever was undefined.

! Undefined control sequence.
l.31     \renewcommand\color
                            [2][]{}%
The control sequence at the end of the top line
of your error message was never \def'ed. If you have
misspelled it (e.g., `\hobx'), type `I' and the correct
spelling (e.g., `I\hbox'). Otherwise just continue,
and I'll forget about whatever was undefined.

! Undefined control sequence.
l.33   \providecommand
                      \transparent[1]{%
The control sequence at the end of the top line
of your error message was never \def'ed. If you have
misspelled it (e.g., `\hobx'), type `I' and the correct
spelling (e.g., `I\hbox'). Otherwise just continue,
and I'll forget about whatever was undefined.

! Undefined control sequence.
l.33   \providecommand\transparent
                                  [1]{%
The control sequence at the end of the top line
of your error message was never \def'ed. If you have
misspelled it (e.g., `\hobx'), type `I' and the correct
spelling (e.g., `I\hbox'). Otherwise just continue,
and I'll forget about whatever was undefined.

! (Inkscape) Transparency is used (non-zero) for the text in Inkscape, but the 
package 'transparent.sty' is not loaded.
l.34 ...e package 'transparent.sty' is not loaded}
                                                  
(That was another \errmessage.)

! Undefined control sequence.
l.35     \renewcommand
                      \transparent[1]{}%
The control sequence at the end of the top line
of your error message was never \def'ed. If you have
misspelled it (e.g., `\hobx'), type `I' and the correct
spelling (e.g., `I\hbox'). Otherwise just continue,
and I'll forget about whatever was undefined.

! Undefined control sequence.
l.35     \renewcommand\transparent
                                  [1]{}%
The control sequence at the end of the top line
of your error message was never \def'ed. If you have
misspelled it (e.g., `\hobx'), type `I' and the correct
spelling (e.g., `I\hbox'). Otherwise just continue,
and I'll forget about whatever was undefined.

! Undefined control sequence.
l.37   \providecommand
                      \rotatebox[2]{#2}
The control sequence at the end of the top line
of your error message was never \def'ed. If you have
misspelled it (e.g., `\hobx'), type `I' and the correct
spelling (e.g., `I\hbox'). Otherwise just continue,
and I'll forget about whatever was undefined.

! Undefined control sequence.
l.37   \providecommand\rotatebox
                                [2]{#2}
The control sequence at the end of the top line
of your error message was never \def'ed. If you have
misspelled it (e.g., `\hobx'), type `I' and the correct
spelling (e.g., `I\hbox'). Otherwise just continue,
and I'll forget about whatever was undefined.

! You can't use `macro parameter character #' in horizontal mode.
l.37   \providecommand\rotatebox[2]{#
                                     2}
Sorry, but I'm not programmed to handle this case;
I'll just pretend that you didn't ask for it.
If you're in the wrong mode, you might be able to
return to the right one by typing `I}' or `I$' or `I\par'.

! Undefined control sequence.
l.39     \setlength
                   {\unitlength}{226.77165527pt}
The control sequence at the end of the top line
of your error message was never \def'ed. If you have
misspelled it (e.g., `\hobx'), type `I' and the correct
spelling (e.g., `I\hbox'). Otherwise just continue,
and I'll forget about whatever was undefined.

! Undefined control sequence.
l.39     \setlength{\unitlength
                               }{226.77165527pt}
The control sequence at the end of the top line
of your error message was never \def'ed. If you have
misspelled it (e.g., `\hobx'), type `I' and the correct
spelling (e.g., `I\hbox'). Otherwise just continue,
and I'll forget about whatever was undefined.

! Undefined control sequence.
l.44   \makeatother
                   
The control sequence at the end of the top line
of your error message was never \def'ed. If you have
misspelled it (e.g., `\hobx'), type `I' and the correct
spelling (e.g., `I\hbox'). Otherwise just continue,
and I'll forget about whatever was undefined.

! Undefined control sequence.
l.45   \begin
             {picture}(1,0.74999997)%
The control sequence at the end of the top line
of your error message was never \def'ed. If you have
misspelled it (e.g., `\hobx'), type `I' and the correct
spelling (e.g., `I\hbox'). Otherwise just continue,
and I'll forget about whatever was undefined.

! Undefined control sequence.
l.46     \put
             (0,0){\includegraphics[width=\unitlength]{FDL-setup.pdf}}%
The control sequence at the end of the top line
of your error message was never \def'ed. If you have
misspelled it (e.g., `\hobx'), type `I' and the correct
spelling (e.g., `I\hbox'). Otherwise just continue,
and I'll forget about whatever was undefined.

! Undefined control sequence.
l.46     \put(0,0){\includegraphics
                                   [width=\unitlength]{FDL-setup.pdf}}%
The control sequence at the end of the top line
of your error message was never \def'ed. If you have
misspelled it (e.g., `\hobx'), type `I' and the correct
spelling (e.g., `I\hbox'). Otherwise just continue,
and I'll forget about whatever was undefined.

! Undefined control sequence.
l.46 ...ut(0,0){\includegraphics[width=\unitlength
                                                  ]{FDL-setup.pdf}}%
The control sequence at the end of the top line
of your error message was never \def'ed. If you have
misspelled it (e.g., `\hobx'), type `I' and the correct
spelling (e.g., `I\hbox'). Otherwise just continue,
and I'll forget about whatever was undefined.

! Undefined control sequence.
l.47     \put
             (0.08908985,0.67351928){\color[rgb]{0,0,0}\makebox(0,0)[lb]{\sm...
The control sequence at the end of the top line
of your error message was never \def'ed. If you have
misspelled it (e.g., `\hobx'), type `I' and the correct
spelling (e.g., `I\hbox'). Otherwise just continue,
and I'll forget about whatever was undefined.

! Undefined control sequence.
l.47     \put(0.08908985,0.67351928){\color
                                           [rgb]{0,0,0}\makebox(0,0)[lb]{\sm...
The control sequence at the end of the top line
of your error message was never \def'ed. If you have
misspelled it (e.g., `\hobx'), type `I' and the correct
spelling (e.g., `I\hbox'). Otherwise just continue,
and I'll forget about whatever was undefined.

! Undefined control sequence.
l.47 ...985,0.67351928){\color[rgb]{0,0,0}\makebox
                                                  (0,0)[lb]{\smash{xz transl...
The control sequence at the end of the top line
of your error message was never \def'ed. If you have
misspelled it (e.g., `\hobx'), type `I' and the correct
spelling (e.g., `I\hbox'). Otherwise just continue,
and I'll forget about whatever was undefined.

! Undefined control sequence.
l.48     \put
             (0.75904545,0.2298517){\color[rgb]{0,0,0}\makebox(0,0)[lb]{\sma...
The control sequence at the end of the top line
of your error message was never \def'ed. If you have
misspelled it (e.g., `\hobx'), type `I' and the correct
spelling (e.g., `I\hbox'). Otherwise just continue,
and I'll forget about whatever was undefined.

! Undefined control sequence.
l.48     \put(0.75904545,0.2298517){\color
                                          [rgb]{0,0,0}\makebox(0,0)[lb]{\sma...
The control sequence at the end of the top line
of your error message was never \def'ed. If you have
misspelled it (e.g., `\hobx'), type `I' and the correct
spelling (e.g., `I\hbox'). Otherwise just continue,
and I'll forget about whatever was undefined.

! Undefined control sequence.
l.48 ...4545,0.2298517){\color[rgb]{0,0,0}\makebox
                                                  (0,0)[lb]{\smash{Diffraction
The control sequence at the end of the top line
of your error message was never \def'ed. If you have
misspelled it (e.g., `\hobx'), type `I' and the correct
spelling (e.g., `I\hbox'). Otherwise just continue,
and I'll forget about whatever was undefined.

! Undefined control sequence.
l.50     \put
             (0.66817384,0.66817378){\color[rgb]{0,0,0}\makebox(0,0)[lb]{\sm...
The control sequence at the end of the top line
of your error message was never \def'ed. If you have
misspelled it (e.g., `\hobx'), type `I' and the correct
spelling (e.g., `I\hbox'). Otherwise just continue,
and I'll forget about whatever was undefined.

! Undefined control sequence.
l.50     \put(0.66817384,0.66817378){\color
                                           [rgb]{0,0,0}\makebox(0,0)[lb]{\sm...
The control sequence at the end of the top line
of your error message was never \def'ed. If you have
misspelled it (e.g., `\hobx'), type `I' and the correct
spelling (e.g., `I\hbox'). Otherwise just continue,
and I'll forget about whatever was undefined.

! Undefined control sequence.
l.50 ...384,0.66817378){\color[rgb]{0,0,0}\makebox
                                                  (0,0)[lb]{\smash{\fnurl{ki...
The control sequence at the end of the top line
of your error message was never \def'ed. If you have
misspelled it (e.g., `\hobx'), type `I' and the correct
spelling (e.g., `I\hbox'). Otherwise just continue,
and I'll forget about whatever was undefined.

! Undefined control sequence.
<argument> \fnurl 
                  {kinematic mount}{http://en.wikipedia.org/wiki/Mirror_mount}
\next #1->\setbox \z@ \hbox {#1
                               }\finsm@sh 
l.50 ...ttp://en.wikipedia.org/wiki/Mirror_mount}}
                                                  }}%
The control sequence at the end of the top line
of your error message was never \def'ed. If you have
misspelled it (e.g., `\hobx'), type `I' and the correct
spelling (e.g., `I\hbox'). Otherwise just continue,
and I'll forget about whatever was undefined.

! Missing $ inserted.
<inserted text> 
                $
<to be read again> 
                   _
<argument> ...http://en.wikipedia.org/wiki/Mirror_
                                                  mount}
\next #1->\setbox \z@ \hbox {#1
                               }\finsm@sh 
l.50 ...ttp://en.wikipedia.org/wiki/Mirror_mount}}
                                                  }}%
I've inserted a begin-math/end-math symbol since I think
you left one out. Proceed, with fingers crossed.

! Extra }, or forgotten $.
<argument> .../en.wikipedia.org/wiki/Mirror_mount}
                                                  
\next #1->\setbox \z@ \hbox {#1
                               }\finsm@sh 
l.50 ...ttp://en.wikipedia.org/wiki/Mirror_mount}}
                                                  }}%
I've deleted a group-closing symbol because it seems to be
spurious, as in `$x}$'. But perhaps the } is legitimate and
you forgot something else, as in `\hbox{$x}'. In such cases
the way to recover is to insert both the forgotten and the
deleted material, e.g., by typing `I$}'.

! Extra }, or forgotten $.
\next #1->\setbox \z@ \hbox {#1}
                                \finsm@sh 
l.50 ...ttp://en.wikipedia.org/wiki/Mirror_mount}}
                                                  }}%
I've deleted a group-closing symbol because it seems to be
spurious, as in `$x}$'. But perhaps the } is legitimate and
you forgot something else, as in `\hbox{$x}'. In such cases
the way to recover is to insert both the forgotten and the
deleted material, e.g., by typing `I$}'.

! Extra }, or forgotten $.
l.50 ...tp://en.wikipedia.org/wiki/Mirror_mount}}}
                                                  }%
I've deleted a group-closing symbol because it seems to be
spurious, as in `$x}$'. But perhaps the } is legitimate and
you forgot something else, as in `\hbox{$x}'. In such cases
the way to recover is to insert both the forgotten and the
deleted material, e.g., by typing `I$}'.

! Extra }, or forgotten $.
l.50 ...p://en.wikipedia.org/wiki/Mirror_mount}}}}
                                                  %
I've deleted a group-closing symbol because it seems to be
spurious, as in `$x}$'. But perhaps the } is legitimate and
you forgot something else, as in `\hbox{$x}'. In such cases
the way to recover is to insert both the forgotten and the
deleted material, e.g., by typing `I$}'.

! Missing $ inserted.
<inserted text> 
                $
<to be read again> 
                   \end 
l.51   \end
           {picture}%
I've inserted a begin-math/end-math symbol since I think
you left one out. Proceed, with fingers crossed.

! Missing } inserted.
<inserted text> 
                }
<to be read again> 
                   \end 
l.51   \end
           {picture}%
I've inserted something that you may have forgotten.
(See the <inserted text> above.)
With luck, this will get me unwedged. But if you
really didn't forget anything, try typing `2' now; then
my insertion and my current dilemma will both disappear.

! Missing } inserted.
<inserted text> 
                }
<to be read again> 
                   \end 
l.51   \end
           {picture}%
I've inserted something that you may have forgotten.
(See the <inserted text> above.)
With luck, this will get me unwedged. But if you
really didn't forget anything, try typing `2' now; then
my insertion and my current dilemma will both disappear.


Overfull \hbox (600.3729pt too wide) in paragraph at lines 29--51
[]\tenrm [2][] [2][] [1] [1] [2]2 226.77165527pt picture(1,0.74999997)(0,0)[wid
th=]FDL-setup.pdf(0.08908985,0.67351928)[rgb]0,0,0(0,0)[lb][](0.75904545,0.2298
517)[rgb]0,0,0(0,0)[lb][](0.66817384,0.66817378)[rgb]0,0,0(0,0)[lb] |

\hbox(7.5+2.5)x469.75499, glue set - 1.0
.\hbox(0.0+0.0)x20.0
.\tenrm [
.\tenrm 2
.\tenrm ]
.\tenrm [
.etc.

 [1{/usr/local/texlive/2009/texmf-var/fonts/map/pdftex/updmap/pdftex.map}] )
(\end occurred inside a group at level 3)

### simple group (level 3) entered at line 50 ({)
### simple group (level 2) entered at line 50 ({)
### semi simple group (level 1) entered at line 27 (\begingroup)
### bottom level</usr/local/texlive/2009/texmf-dist/fonts/type1/public/amsfonts
/cm/cmr10.pfb>
Output written on FDL-setup.pdf (1 page, 19181 bytes).
PDF statistics:
 10 PDF objects out of 1000 (max. 8388607)
 0 named destinations out of 1000 (max. 500000)
 1 words of extra memory for PDF output out of 10000 (max. 10000000)

