\BOOKMARK [0][-]{chapter*.5}{\376\377\000I\000n\000t\000r\000o\000d\000u\000c\000t\000i\000o\000n}{}
\BOOKMARK [0][-]{chapter.1}{\376\377\000T\000i\000m\000e\000\040\000D\000o\000m\000a\000i\000n\000\040\000O\000C\000T}{}
\BOOKMARK [1][-]{section.1.1}{\376\377\000T\000h\000e\000o\000r\000y}{chapter.1}
\BOOKMARK [2][-]{subsection.1.1.1}{\376\377\000M\000i\000c\000h\000e\000l\000s\000o\000n\000\040\000i\000n\000t\000e\000r\000f\000e\000r\000o\000m\000e\000t\000e\000r}{section.1.1}
\BOOKMARK [2][-]{subsection.1.1.2}{\376\377\000O\000p\000t\000i\000c\000a\000l\000\040\000i\000n\000t\000e\000r\000f\000e\000r\000o\000m\000e\000t\000r\000y\000\040\000w\000i\000t\000h\000\040\000c\000o\000h\000e\000r\000e\000n\000t\000\040\000l\000i\000g\000h\000t}{section.1.1}
\BOOKMARK [2][-]{subsection.1.1.3}{\376\377\000L\000o\000w\000-\000c\000o\000h\000e\000r\000e\000n\000c\000e\000\040\000i\000n\000t\000e\000r\000f\000e\000r\000o\000m\000e\000t\000r\000y}{section.1.1}
\BOOKMARK [2][-]{subsection.1.1.4}{\376\377\000L\000o\000w\000\040\000c\000o\000h\000e\000r\000e\000n\000c\000e\000\040\000i\000n\000t\000e\000r\000f\000e\000r\000o\000m\000e\000t\000r\000y\000\040\000w\000i\000t\000h\000\040\000m\000u\000l\000t\000i\000-\000l\000a\000y\000e\000r\000\040\000s\000t\000r\000u\000c\000t\000u\000r\000e\000s}{section.1.1}
\BOOKMARK [2][-]{subsection.1.1.5}{\376\377\000D\000e\000t\000e\000c\000t\000o\000r\000\040\000s\000i\000g\000n\000a\000l}{section.1.1}
\BOOKMARK [1][-]{section.1.2}{\376\377\000F\000o\000u\000r\000i\000e\000r\000\040\000d\000e\000l\000a\000y\000\040\000l\000i\000n\000e\000\040\000T\000D\000O\000C\000T}{chapter.1}
\BOOKMARK [1][-]{section.1.3}{\376\377\000I\000m\000p\000l\000e\000m\000e\000n\000t\000a\000t\000i\000o\000n}{chapter.1}
\BOOKMARK [1][-]{section.1.4}{\376\377\000F\000o\000u\000r\000i\000e\000r\000\040\000d\000e\000l\000a\000y\000\040\000l\000i\000n\000e\000\040\000a\000l\000i\000g\000n\000m\000e\000n\000t}{chapter.1}
\BOOKMARK [0][-]{chapter.2}{\376\377\000F\000o\000u\000r\000i\000e\000r\000\040\000D\000o\000m\000a\000i\000n\000\040\000O\000C\000T}{}
\BOOKMARK [1][-]{section.2.1}{\376\377\000O\000v\000e\000r\000v\000i\000e\000w\000\040\000o\000f\000\040\000F\000o\000u\000r\000i\000e\000r\000\040\000d\000o\000m\000a\000i\000n\000\040\000O\000C\000T}{chapter.2}
\BOOKMARK [1][-]{section.2.2}{\376\377\000F\000r\000e\000q\000u\000e\000n\000c\000y\000\040\000d\000o\000m\000a\000i\000n\000\040\000O\000C\000T}{chapter.2}
\BOOKMARK [1][-]{section.2.3}{\376\377\000F\000u\000l\000l\000\040\000r\000a\000n\000g\000e\000\040\000c\000o\000m\000p\000l\000e\000x\000\040\000i\000m\000a\000g\000i\000n\000g\000\040\000r\000e\000c\000o\000n\000s\000t\000r\000u\000c\000t\000i\000o\000n}{chapter.2}
\BOOKMARK [1][-]{section.2.4}{\376\377\000F\000i\000r\000s\000t\000\040\000s\000p\000e\000c\000t\000r\000a\000l\000\040\000r\000a\000d\000a\000r\000\040\000i\000m\000p\000l\000e\000m\000e\000n\000t\000a\000t\000i\000o\000n}{chapter.2}
\BOOKMARK [1][-]{section.2.5}{\376\377\000S\000e\000c\000o\000n\000d\000\040\000s\000p\000e\000c\000t\000r\000a\000l\000\040\000r\000a\000d\000a\000r\000\040\000i\000m\000p\000l\000e\000m\000e\000n\000t\000a\000t\000i\000o\000n}{chapter.2}
\BOOKMARK [2][-]{subsection.2.5.1}{\376\377\000S\000p\000e\000c\000t\000r\000o\000m\000e\000t\000e\000r}{section.2.5}
\BOOKMARK [2][-]{subsection.2.5.2}{\376\377\000T\000e\000s\000t\000i\000n\000g}{section.2.5}
\BOOKMARK [0][-]{chapter.3}{\376\377\000A\000p\000p\000l\000i\000c\000a\000t\000i\000o\000n\000s\000\040\000i\000n\000\040\000O\000p\000t\000i\000c\000a\000l\000\040\000C\000o\000h\000e\000r\000e\000n\000c\000e\000\040\000T\000o\000m\000o\000g\000r\000a\000p\000h\000y}{}
\BOOKMARK [1][-]{section.3.1}{\376\377\000F\000i\000b\000e\000r\000\040\000r\000e\000i\000n\000f\000o\000r\000c\000e\000d\000\040\000c\000o\000m\000p\000o\000s\000i\000t\000e\000\040\000a\000n\000a\000l\000y\000s\000e\000s}{chapter.3}
\BOOKMARK [2][-]{subsection.3.1.1}{\376\377\000M\000o\000t\000i\000v\000a\000t\000i\000o\000n}{section.3.1}
\BOOKMARK [2][-]{subsection.3.1.2}{\376\377\000C\000o\000n\000c\000l\000u\000s\000i\000o\000n\000s}{section.3.1}
\BOOKMARK [1][-]{section.3.2}{\376\377\000I\000m\000a\000g\000i\000n\000g\000\040\000o\000f\000\040\000d\000e\000n\000t\000i\000n\000\040\000a\000n\000d\000\040\000p\000u\000l\000p\000\040\000c\000h\000a\000m\000b\000e\000r\000\040\000b\000y\000\040\000O\000C\000T}{chapter.3}
\BOOKMARK [2][-]{subsection.3.2.1}{\376\377\000M\000a\000t\000e\000r\000i\000a\000l\000s\000\040\000a\000n\000d\000\040\000m\000e\000t\000h\000o\000d\000s}{section.3.2}
\BOOKMARK [2][-]{subsection.3.2.2}{\376\377\000R\000e\000s\000u\000l\000t\000s}{section.3.2}
\BOOKMARK [2][-]{subsection.3.2.3}{\376\377\000C\000o\000n\000c\000l\000u\000s\000i\000o\000n}{section.3.2}
\BOOKMARK [1][-]{section.3.3}{\376\377\000C\000l\000i\000n\000i\000c\000a\000l\000\040\000u\000s\000e\000\040\000o\000f\000\040\000O\000C\000T\000\040\000t\000o\000\040\000e\000v\000a\000l\000u\000a\000t\000e\000\040\000i\000n\000t\000e\000g\000r\000i\000t\000y\000\040\000o\000f\000\040\000d\000e\000n\000t\000a\000l\000\040\000r\000e\000s\000t\000o\000r\000a\000t\000i\000o\000n\000s}{chapter.3}
\BOOKMARK [2][-]{subsection.3.3.1}{\376\377\000I\000n\000t\000r\000o\000d\000u\000c\000t\000i\000o\000n}{section.3.3}
\BOOKMARK [2][-]{subsection.3.3.2}{\376\377\000M\000a\000t\000e\000r\000i\000a\000l\000\040\000a\000n\000d\000\040\000m\000e\000t\000h\000o\000d\000s}{section.3.3}
\BOOKMARK [2][-]{subsection.3.3.3}{\376\377\000R\000e\000s\000u\000l\000t\000s}{section.3.3}
\BOOKMARK [2][-]{subsection.3.3.4}{\376\377\000D\000i\000s\000c\000u\000s\000s\000i\000o\000n}{section.3.3}
\BOOKMARK [2][-]{subsection.3.3.5}{\376\377\000C\000o\000n\000c\000l\000u\000s\000i\000o\000n}{section.3.3}
\BOOKMARK [0][-]{chapter.4}{\376\377\000P\000h\000o\000t\000o\000n\000i\000c\000\040\000I\000n\000t\000e\000g\000r\000a\000t\000e\000d\000\040\000C\000i\000r\000c\000u\000i\000t\000s}{}
\BOOKMARK [1][-]{section.4.1}{\376\377\000B\000r\000o\000a\000d\000\040\000p\000i\000c\000t\000u\000r\000e}{chapter.4}
\BOOKMARK [1][-]{section.4.2}{\376\377\000S\000l\000a\000b\000\040\000w\000a\000v\000e\000g\000u\000i\000d\000e}{chapter.4}
\BOOKMARK [1][-]{section.4.3}{\376\377\000R\000e\000c\000t\000a\000n\000g\000u\000l\000a\000r\000\040\000w\000a\000v\000e\000g\000u\000i\000d\000e}{chapter.4}
\BOOKMARK [1][-]{section.4.4}{\376\377\000R\000i\000n\000g\000\040\000r\000e\000s\000o\000n\000a\000t\000o\000r\000s}{chapter.4}
\BOOKMARK [1][-]{section.4.5}{\376\377\000M\000a\000t\000e\000r\000i\000a\000l\000\040\000o\000p\000t\000i\000c\000a\000l\000\040\000p\000r\000o\000p\000e\000r\000t\000i\000e\000s}{chapter.4}
\BOOKMARK [2][-]{subsection.4.5.1}{\376\377\000M\000a\000t\000e\000r\000i\000a\000l\000\040\000d\000i\000s\000p\000e\000r\000s\000i\000o\000n}{section.4.5}
\BOOKMARK [2][-]{subsection.4.5.2}{\376\377\000T\000h\000e\000r\000m\000o\000\040\000o\000p\000t\000i\000c\000\040\000e\000f\000f\000e\000c\000t}{section.4.5}
\BOOKMARK [0][-]{chapter.5}{\376\377\000D\000i\000f\000f\000r\000a\000c\000t\000i\000o\000n\000\040\000G\000r\000a\000t\000i\000n\000g\000\040\000S\000p\000e\000c\000t\000r\000o\000m\000e\000t\000e\000r\000s}{}
\BOOKMARK [1][-]{section.5.1}{\376\377\000K\000i\000r\000c\000h\000h\000o\000f\000f\000'\000s\000\040\000d\000i\000f\000f\000r\000a\000c\000t\000i\000o\000n\000\040\000t\000h\000e\000o\000r\000y}{chapter.5}
\BOOKMARK [1][-]{section.5.2}{\376\377\000D\000i\000f\000f\000r\000a\000c\000t\000i\000o\000n\000\040\000g\000r\000a\000t\000i\000n\000g}{chapter.5}
\BOOKMARK [2][-]{subsection.5.2.1}{\376\377\000F\000r\000e\000e\000\040\000s\000p\000e\000c\000t\000r\000a\000l\000\040\000r\000a\000n\000g\000e}{section.5.2}
\BOOKMARK [1][-]{section.5.3}{\376\377\000P\000l\000a\000n\000a\000r\000\040\000d\000e\000v\000i\000c\000e\000s}{chapter.5}
\BOOKMARK [1][-]{section.5.4}{\376\377\000S\000p\000e\000c\000t\000r\000o\000m\000e\000t\000e\000r\000\040\000a\000r\000c\000h\000i\000t\000e\000c\000t\000u\000r\000e\000s}{chapter.5}
\BOOKMARK [2][-]{subsection.5.4.1}{\376\377\000C\000z\000e\000r\000n\000y\000-\000T\000u\000r\000n\000e\000r}{section.5.4}
\BOOKMARK [2][-]{subsection.5.4.2}{\376\377\000R\000o\000w\000l\000a\000n\000d}{section.5.4}
\BOOKMARK [2][-]{subsection.5.4.3}{\376\377\000A\000r\000r\000a\000y\000e\000d\000\040\000W\000a\000v\000e\000g\000u\000i\000d\000e\000\040\000G\000r\000a\000t\000i\000n\000g\000\040\000\050\000A\000W\000G\000\051}{section.5.4}
\BOOKMARK [1][-]{section.5.5}{\376\377\000G\000r\000a\000t\000i\000n\000g\000\040\000i\000l\000l\000u\000m\000i\000n\000a\000t\000e\000d\000\040\000b\000y\000\040\000a\000\040\000g\000a\000u\000s\000s\000i\000a\000n\000\040\000b\000e\000a\000m}{chapter.5}
\BOOKMARK [1][-]{section.5.6}{\376\377\000A\000b\000e\000r\000r\000a\000t\000i\000o\000n\000s}{chapter.5}
\BOOKMARK [2][-]{subsection.5.6.1}{\376\377\000A\000b\000e\000r\000r\000a\000t\000i\000o\000n\000\040\000f\000r\000e\000e\000\040\000c\000o\000n\000d\000i\000t\000i\000o\000n\000s}{section.5.6}
\BOOKMARK [2][-]{subsection.5.6.2}{\376\377\000O\000n\000e\000\040\000p\000o\000i\000n\000t\000\040\000s\000t\000i\000g\000m\000a\000t\000i\000c\000\040\000c\000o\000r\000r\000e\000c\000t\000i\000o\000n}{section.5.6}
\BOOKMARK [1][-]{section.5.7}{\376\377\000F\000r\000e\000s\000n\000e\000l\000-\000K\000i\000r\000c\000h\000h\000o\000f\000f\000\040\000m\000o\000d\000e\000l}{chapter.5}
\BOOKMARK [1][-]{section.5.8}{\376\377\000N\000u\000m\000e\000r\000i\000c\000a\000l\000\040\000s\000i\000m\000u\000l\000a\000t\000i\000o\000n\000\040\000o\000f\000\040\000s\000p\000e\000c\000t\000r\000a\000l\000\040\000d\000e\000f\000e\000c\000t\000s\000\040\000a\000n\000d\000\040\000a\000b\000e\000r\000r\000a\000t\000i\000o\000n\000s\000\040\000u\000s\000i\000n\000g\000\040\000F\000r\000e\000s\000n\000e\000l\000-\000K\000i\000r\000c\000h\000h\000o\000f\000f\000\040\000m\000o\000d\000e\000l}{chapter.5}
\BOOKMARK [1][-]{section.5.9}{\376\377\000I\000m\000p\000l\000e\000m\000e\000n\000t\000a\000t\000i\000o\000n}{chapter.5}
\BOOKMARK [2][-]{subsection.5.9.1}{\376\377\000D\000e\000s\000i\000g\000n}{section.5.9}
\BOOKMARK [2][-]{subsection.5.9.2}{\376\377\000E\000f\000f\000e\000c\000t\000i\000v\000e\000\040\000i\000n\000d\000e\000x\000\040\000d\000i\000s\000p\000e\000r\000s\000i\000o\000n}{section.5.9}
\BOOKMARK [2][-]{subsection.5.9.3}{\376\377\000F\000a\000b\000r\000i\000c\000a\000t\000i\000o\000n}{section.5.9}
\BOOKMARK [2][-]{subsection.5.9.4}{\376\377\000T\000e\000s\000t\000i\000n\000g\000\040\000s\000e\000t\000u\000p}{section.5.9}
\BOOKMARK [2][-]{subsection.5.9.5}{\376\377\000R\000e\000s\000u\000l\000t\000s}{section.5.9}
\BOOKMARK [2][-]{subsection.5.9.6}{\376\377\000C\000o\000n\000c\000l\000u\000s\000i\000o\000n}{section.5.9}
\BOOKMARK [0][-]{chapter.6}{\376\377\000R\000i\000n\000g\000\040\000E\000n\000h\000a\000n\000c\000e\000d\000\040\000S\000p\000e\000c\000t\000r\000o\000m\000e\000t\000e\000r}{}
\BOOKMARK [1][-]{section.6.1}{\376\377\000D\000e\000v\000i\000c\000e\000\040\000t\000h\000e\000o\000r\000y}{chapter.6}
\BOOKMARK [1][-]{section.6.2}{\376\377\000D\000e\000s\000i\000g\000n}{chapter.6}
\BOOKMARK [1][-]{section.6.3}{\376\377\000F\000a\000b\000r\000i\000c\000a\000t\000i\000o\000n}{chapter.6}
\BOOKMARK [1][-]{section.6.4}{\376\377\000T\000e\000s\000t\000i\000n\000g\000\040\000s\000e\000t\000u\000p}{chapter.6}
\BOOKMARK [1][-]{section.6.5}{\376\377\000I\000n\000c\000r\000e\000a\000s\000i\000n\000g\000\040\000c\000h\000a\000n\000n\000e\000l\000\040\000d\000e\000n\000s\000i\000t\000y}{chapter.6}
\BOOKMARK [1][-]{section.6.6}{\376\377\000A\000p\000p\000l\000i\000c\000a\000t\000i\000o\000n\000\040\000o\000f\000\040\000t\000i\000m\000e\000\040\000s\000e\000r\000i\000a\000l\000i\000z\000a\000t\000i\000o\000n}{chapter.6}
\BOOKMARK [1][-]{section.6.7}{\376\377\000R\000e\000s\000u\000l\000t\000s}{chapter.6}
\BOOKMARK [1][-]{section.6.8}{\376\377\000D\000e\000v\000i\000c\000e\000\040\000c\000o\000m\000p\000a\000r\000i\000s\000o\000n}{chapter.6}
\BOOKMARK [1][-]{section.6.9}{\376\377\000A\000b\000o\000u\000t\000\040\000t\000h\000e\000\040\000D\000G\000\040\000s\000p\000e\000c\000t\000r\000o\000m\000e\000t\000e\000r\000\040\000c\000h\000a\000n\000n\000e\000l\000s\000\040\000s\000p\000a\000c\000i\000n\000g\000\040\000a\000n\000d\000\040\000r\000e\000s\000o\000n\000a\000t\000o\000r\000\040\000F\000S\000R\000\040\000m\000i\000s\000m\000a\000t\000c\000h}{chapter.6}
\BOOKMARK [1][-]{section.6.10}{\376\377\000C\000o\000n\000c\000l\000u\000s\000i\000o\000n}{chapter.6}
\BOOKMARK [0][-]{chapter*.11}{\376\377\000B\000i\000b\000l\000i\000o\000g\000r\000a\000p\000h\000y}{}
\BOOKMARK [0][-]{appendix.A}{\376\377\000H\000u\000y\000g\000e\000n\000s\000-\000F\000r\000e\000s\000n\000e\000l\000\040\000D\000i\000f\000f\000r\000a\000c\000t\000i\000o\000n}{}
\BOOKMARK [1][-]{section.A.1}{\376\377\000N\000u\000m\000e\000r\000i\000c\000a\000l\000\040\000c\000a\000l\000c\000u\000l\000a\000t\000i\000o\000n}{appendix.A}
\BOOKMARK [1][-]{section.A.2}{\376\377\000S\000m\000a\000l\000l\000\040\000a\000p\000e\000r\000t\000u\000r\000e\000\040\000a\000p\000p\000r\000o\000x\000i\000m\000a\000t\000i\000o\000n}{appendix.A}
\BOOKMARK [1][-]{section.A.3}{\376\377\000N\000u\000m\000e\000r\000i\000c\000a\000l\000\040\000p\000r\000o\000g\000r\000a\000m\000\040\000v\000a\000l\000i\000d\000a\000t\000i\000o\000n}{appendix.A}
\BOOKMARK [0][-]{appendix.B}{\376\377\000F\000o\000u\000r\000i\000e\000r\000\040\000t\000r\000a\000n\000s\000f\000o\000r\000m}{}
\BOOKMARK [1][-]{section.B.1}{\376\377\000R\000e\000l\000a\000t\000i\000o\000n}{appendix.B}
\BOOKMARK [1][-]{section.B.2}{\376\377\000C\000o\000m\000m\000o\000n\000\040\000F\000o\000u\000r\000i\000e\000r\000\040\000t\000r\000a\000n\000s\000f\000o\000r\000m\000s}{appendix.B}
\BOOKMARK [0][-]{section*.12}{\376\377\000G\000l\000o\000s\000s\000a\000r\000y}{}
