This is pdfTeX, Version 3.1415926-1.40.10 (TeX Live 2009) (format=pdflatex 2010.8.31)  22 DEC 2010 15:57
entering extended mode
 %&-line parsing enabled.
**thesis
(./thesis.tex
LaTeX2e <2009/09/24>
Babel <v3.8l> and hyphenation patterns for english, usenglishmax, dumylang, noh
yphenation, german-x-2009-06-19, ngerman-x-2009-06-19, ancientgreek, ibycus, ar
abic, basque, bulgarian, catalan, pinyin, coptic, croatian, czech, danish, dutc
h, esperanto, estonian, farsi, finnish, french, galician, german, ngerman, mono
greek, greek, hungarian, icelandic, indonesian, interlingua, irish, italian, ku
rmanji, latin, latvian, lithuanian, mongolian, mongolian2a, bokmal, nynorsk, po
lish, portuguese, romanian, russian, sanskrit, serbian, slovak, slovenian, span
ish, swedish, turkish, ukenglish, ukrainian, uppersorbian, welsh, loaded.
(/usr/local/texlive/2009/texmf-dist/tex/latex/base/book.cls
Document Class: book 2007/10/19 v1.4h Standard LaTeX document class
(/usr/local/texlive/2009/texmf-dist/tex/latex/base/bk12.clo
File: bk12.clo 2007/10/19 v1.4h Standard LaTeX file (size option)
)
\c@part=\count79
\c@chapter=\count80
\c@section=\count81
\c@subsection=\count82
\c@subsubsection=\count83
\c@paragraph=\count84
\c@subparagraph=\count85
\c@figure=\count86
\c@table=\count87
\abovecaptionskip=\skip41
\belowcaptionskip=\skip42
\bibindent=\dimen102
)
(/usr/local/texlive/2009/texmf-dist/tex/latex/lm/lmodern.sty
Package: lmodern 2009/10/30 v1.6 Latin Modern Fonts
LaTeX Font Info:    Overwriting symbol font `operators' in version `normal'
(Font)                  OT1/cmr/m/n --> OT1/lmr/m/n on input line 22.
LaTeX Font Info:    Overwriting symbol font `letters' in version `normal'
(Font)                  OML/cmm/m/it --> OML/lmm/m/it on input line 23.
LaTeX Font Info:    Overwriting symbol font `symbols' in version `normal'
(Font)                  OMS/cmsy/m/n --> OMS/lmsy/m/n on input line 24.
LaTeX Font Info:    Overwriting symbol font `largesymbols' in version `normal'
(Font)                  OMX/cmex/m/n --> OMX/lmex/m/n on input line 25.
LaTeX Font Info:    Overwriting symbol font `operators' in version `bold'
(Font)                  OT1/cmr/bx/n --> OT1/lmr/bx/n on input line 26.
LaTeX Font Info:    Overwriting symbol font `letters' in version `bold'
(Font)                  OML/cmm/b/it --> OML/lmm/b/it on input line 27.
LaTeX Font Info:    Overwriting symbol font `symbols' in version `bold'
(Font)                  OMS/cmsy/b/n --> OMS/lmsy/b/n on input line 28.
LaTeX Font Info:    Overwriting symbol font `largesymbols' in version `bold'
(Font)                  OMX/cmex/m/n --> OMX/lmex/m/n on input line 29.
LaTeX Font Info:    Overwriting math alphabet `\mathbf' in version `normal'
(Font)                  OT1/cmr/bx/n --> OT1/lmr/bx/n on input line 31.
LaTeX Font Info:    Overwriting math alphabet `\mathsf' in version `normal'
(Font)                  OT1/cmss/m/n --> OT1/lmss/m/n on input line 32.
LaTeX Font Info:    Overwriting math alphabet `\mathit' in version `normal'
(Font)                  OT1/cmr/m/it --> OT1/lmr/m/it on input line 33.
LaTeX Font Info:    Overwriting math alphabet `\mathtt' in version `normal'
(Font)                  OT1/cmtt/m/n --> OT1/lmtt/m/n on input line 34.
LaTeX Font Info:    Overwriting math alphabet `\mathbf' in version `bold'
(Font)                  OT1/cmr/bx/n --> OT1/lmr/bx/n on input line 35.
LaTeX Font Info:    Overwriting math alphabet `\mathsf' in version `bold'
(Font)                  OT1/cmss/bx/n --> OT1/lmss/bx/n on input line 36.
LaTeX Font Info:    Overwriting math alphabet `\mathit' in version `bold'
(Font)                  OT1/cmr/bx/it --> OT1/lmr/bx/it on input line 37.
LaTeX Font Info:    Overwriting math alphabet `\mathtt' in version `bold'
(Font)                  OT1/cmtt/m/n --> OT1/lmtt/m/n on input line 38.
)
(/usr/local/texlive/2009/texmf-dist/tex/latex/base/fontenc.sty
Package: fontenc 2005/09/27 v1.99g Standard LaTeX package

(/usr/local/texlive/2009/texmf-dist/tex/latex/base/t1enc.def
File: t1enc.def 2005/09/27 v1.99g Standard LaTeX file
LaTeX Font Info:    Redeclaring font encoding T1 on input line 43.
))
(/usr/local/texlive/2009/texmf-dist/tex/latex/base/inputenc.sty
Package: inputenc 2008/03/30 v1.1d Input encoding file
\inpenc@prehook=\toks14
\inpenc@posthook=\toks15

(/usr/local/texlive/2009/texmf-dist/tex/latex/base/latin9.def
File: latin9.def 2008/03/30 v1.1d Input encoding file
))
(/usr/local/texlive/2009/texmf-dist/tex/latex/geometry/geometry.sty
Package: geometry 2008/12/21 v4.2 Page Geometry

(/usr/local/texlive/2009/texmf-dist/tex/latex/graphics/keyval.sty
Package: keyval 1999/03/16 v1.13 key=value parser (DPC)
\KV@toks@=\toks16
)
(/usr/local/texlive/2009/texmf-dist/tex/generic/oberdiek/ifpdf.sty
Package: ifpdf 2009/04/10 v2.0 Provides the ifpdf switch (HO)
Package ifpdf Info: pdfTeX in pdf mode detected.
)
(/usr/local/texlive/2009/texmf-dist/tex/generic/oberdiek/ifvtex.sty
Package: ifvtex 2008/11/04 v1.4 Switches for detecting VTeX and its modes (HO)
Package ifvtex Info: VTeX not detected.
)
\Gm@cnth=\count88
\Gm@cntv=\count89
\c@Gm@tempcnt=\count90
\Gm@bindingoffset=\dimen103
\Gm@wd@mp=\dimen104
\Gm@odd@mp=\dimen105
\Gm@even@mp=\dimen106
\Gm@dimlist=\toks17

(/usr/local/texlive/2009/texmf-dist/tex/xelatex/xetexconfig/geometry.cfg))
(/usr/local/texlive/2009/texmf-dist/tex/generic/babel/babel.sty
Package: babel 2008/07/06 v3.8l The Babel package

(/usr/local/texlive/2009/texmf-dist/tex/generic/babel/english.ldf
Language: english 2005/03/30 v3.3o English support from the babel system

(/usr/local/texlive/2009/texmf-dist/tex/generic/babel/babel.def
File: babel.def 2008/07/06 v3.8l Babel common definitions
\babel@savecnt=\count91
\U@D=\dimen107
)
\l@canadian = a dialect from \language\l@american 
\l@australian = a dialect from \language\l@british 
\l@newzealand = a dialect from \language\l@british 
))
(/usr/local/texlive/2009/texmf-dist/tex/latex/float/float.sty
Package: float 2001/11/08 v1.3d Float enhancements (AL)
\c@float@type=\count92
\float@exts=\toks18
\float@box=\box26
\@float@everytoks=\toks19
\@floatcapt=\box27
)
(/usr/local/texlive/2009/texmf-dist/tex/latex/base/textcomp.sty
Package: textcomp 2005/09/27 v1.99g Standard LaTeX package
Package textcomp Info: Sub-encoding information:
(textcomp)               5 = only ISO-Adobe without \textcurrency
(textcomp)               4 = 5 + \texteuro
(textcomp)               3 = 4 + \textohm
(textcomp)               2 = 3 + \textestimated + \textcurrency
(textcomp)               1 = TS1 - \textcircled - \t
(textcomp)               0 = TS1 (full)
(textcomp)             Font families with sub-encoding setting implement
(textcomp)             only a restricted character set as indicated.
(textcomp)             Family '?' is the default used for unknown fonts.
(textcomp)             See the documentation for details.
Package textcomp Info: Setting ? sub-encoding to TS1/1 on input line 71.

(/usr/local/texlive/2009/texmf-dist/tex/latex/base/ts1enc.def
File: ts1enc.def 2001/06/05 v3.0e (jk/car/fm) Standard LaTeX file
)
LaTeX Info: Redefining \oldstylenums on input line 266.
Package textcomp Info: Setting cmr sub-encoding to TS1/0 on input line 281.
Package textcomp Info: Setting cmss sub-encoding to TS1/0 on input line 282.
Package textcomp Info: Setting cmtt sub-encoding to TS1/0 on input line 283.
Package textcomp Info: Setting cmvtt sub-encoding to TS1/0 on input line 284.
Package textcomp Info: Setting cmbr sub-encoding to TS1/0 on input line 285.
Package textcomp Info: Setting cmtl sub-encoding to TS1/0 on input line 286.
Package textcomp Info: Setting ccr sub-encoding to TS1/0 on input line 287.
Package textcomp Info: Setting ptm sub-encoding to TS1/4 on input line 288.
Package textcomp Info: Setting pcr sub-encoding to TS1/4 on input line 289.
Package textcomp Info: Setting phv sub-encoding to TS1/4 on input line 290.
Package textcomp Info: Setting ppl sub-encoding to TS1/3 on input line 291.
Package textcomp Info: Setting pag sub-encoding to TS1/4 on input line 292.
Package textcomp Info: Setting pbk sub-encoding to TS1/4 on input line 293.
Package textcomp Info: Setting pnc sub-encoding to TS1/4 on input line 294.
Package textcomp Info: Setting pzc sub-encoding to TS1/4 on input line 295.
Package textcomp Info: Setting bch sub-encoding to TS1/4 on input line 296.
Package textcomp Info: Setting put sub-encoding to TS1/5 on input line 297.
Package textcomp Info: Setting uag sub-encoding to TS1/5 on input line 298.
Package textcomp Info: Setting ugq sub-encoding to TS1/5 on input line 299.
Package textcomp Info: Setting ul8 sub-encoding to TS1/4 on input line 300.
Package textcomp Info: Setting ul9 sub-encoding to TS1/4 on input line 301.
Package textcomp Info: Setting augie sub-encoding to TS1/5 on input line 302.
Package textcomp Info: Setting dayrom sub-encoding to TS1/3 on input line 303.
Package textcomp Info: Setting dayroms sub-encoding to TS1/3 on input line 304.

Package textcomp Info: Setting pxr sub-encoding to TS1/0 on input line 305.
Package textcomp Info: Setting pxss sub-encoding to TS1/0 on input line 306.
Package textcomp Info: Setting pxtt sub-encoding to TS1/0 on input line 307.
Package textcomp Info: Setting txr sub-encoding to TS1/0 on input line 308.
Package textcomp Info: Setting txss sub-encoding to TS1/0 on input line 309.
Package textcomp Info: Setting txtt sub-encoding to TS1/0 on input line 310.
Package textcomp Info: Setting futs sub-encoding to TS1/4 on input line 311.
Package textcomp Info: Setting futx sub-encoding to TS1/4 on input line 312.
Package textcomp Info: Setting futj sub-encoding to TS1/4 on input line 313.
Package textcomp Info: Setting hlh sub-encoding to TS1/3 on input line 314.
Package textcomp Info: Setting hls sub-encoding to TS1/3 on input line 315.
Package textcomp Info: Setting hlst sub-encoding to TS1/3 on input line 316.
Package textcomp Info: Setting hlct sub-encoding to TS1/5 on input line 317.
Package textcomp Info: Setting hlx sub-encoding to TS1/5 on input line 318.
Package textcomp Info: Setting hlce sub-encoding to TS1/5 on input line 319.
Package textcomp Info: Setting hlcn sub-encoding to TS1/5 on input line 320.
Package textcomp Info: Setting hlcw sub-encoding to TS1/5 on input line 321.
Package textcomp Info: Setting hlcf sub-encoding to TS1/5 on input line 322.
Package textcomp Info: Setting pplx sub-encoding to TS1/3 on input line 323.
Package textcomp Info: Setting pplj sub-encoding to TS1/3 on input line 324.
Package textcomp Info: Setting ptmx sub-encoding to TS1/4 on input line 325.
Package textcomp Info: Setting ptmj sub-encoding to TS1/4 on input line 326.
)
(/usr/local/texlive/2009/texmf-dist/tex/latex/amscls/amsthm.sty
Package: amsthm 2004/08/06 v2.20
\thm@style=\toks20
\thm@bodyfont=\toks21
\thm@headfont=\toks22
\thm@notefont=\toks23
\thm@headpunct=\toks24
\thm@preskip=\skip43
\thm@postskip=\skip44
\thm@headsep=\skip45
\dth@everypar=\toks25
)
(/usr/local/texlive/2009/texmf-dist/tex/latex/tools/bm.sty
Package: bm 2004/02/26 v1.1c Bold Symbol Support (DPC/FMi)
\symboldoperators=\mathgroup4
\symboldletters=\mathgroup5
\symboldsymbols=\mathgroup6
LaTeX Font Info:    Redeclaring math alphabet \mathbf on input line 138.
LaTeX Info: Redefining \bm on input line 204.
)
(/usr/local/texlive/2009/texmf-dist/tex/latex/amsmath/amsmath.sty
Package: amsmath 2000/07/18 v2.13 AMS math features
\@mathmargin=\skip46

For additional information on amsmath, use the `?' option.
(/usr/local/texlive/2009/texmf-dist/tex/latex/amsmath/amstext.sty
Package: amstext 2000/06/29 v2.01

(/usr/local/texlive/2009/texmf-dist/tex/latex/amsmath/amsgen.sty
File: amsgen.sty 1999/11/30 v2.0
\@emptytoks=\toks26
\ex@=\dimen108
))
(/usr/local/texlive/2009/texmf-dist/tex/latex/amsmath/amsbsy.sty
Package: amsbsy 1999/11/29 v1.2d
LaTeX Info: Redefining \boldsymbol on input line 54.
\pmbraise@=\dimen109
)
(/usr/local/texlive/2009/texmf-dist/tex/latex/amsmath/amsopn.sty
Package: amsopn 1999/12/14 v2.01 operator names
)
\inf@bad=\count93
LaTeX Info: Redefining \frac on input line 211.
\uproot@=\count94
\leftroot@=\count95
LaTeX Info: Redefining \overline on input line 307.
\classnum@=\count96
\DOTSCASE@=\count97
LaTeX Info: Redefining \ldots on input line 379.
LaTeX Info: Redefining \dots on input line 382.
LaTeX Info: Redefining \cdots on input line 467.
\Mathstrutbox@=\box28
\strutbox@=\box29
\big@size=\dimen110
LaTeX Font Info:    Redeclaring font encoding OML on input line 567.
LaTeX Font Info:    Redeclaring font encoding OMS on input line 568.
\macc@depth=\count98
\c@MaxMatrixCols=\count99
\dotsspace@=\muskip10
\c@parentequation=\count100
\dspbrk@lvl=\count101
\tag@help=\toks27
\row@=\count102
\column@=\count103
\maxfields@=\count104
\andhelp@=\toks28
\eqnshift@=\dimen111
\alignsep@=\dimen112
\tagshift@=\dimen113
\tagwidth@=\dimen114
\totwidth@=\dimen115
\lineht@=\dimen116
\@envbody=\toks29
\multlinegap=\skip47
\multlinetaggap=\skip48
\mathdisplay@stack=\toks30
LaTeX Info: Redefining \[ on input line 2666.
LaTeX Info: Redefining \] on input line 2667.
)
(/usr/local/texlive/2009/texmf-dist/tex/latex/graphics/graphicx.sty
Package: graphicx 1999/02/16 v1.0f Enhanced LaTeX Graphics (DPC,SPQR)

(/usr/local/texlive/2009/texmf-dist/tex/latex/graphics/graphics.sty
Package: graphics 2009/02/05 v1.0o Standard LaTeX Graphics (DPC,SPQR)

(/usr/local/texlive/2009/texmf-dist/tex/latex/graphics/trig.sty
Package: trig 1999/03/16 v1.09 sin cos tan (DPC)
)
(/usr/local/texlive/2009/texmf-dist/tex/latex/latexconfig/graphics.cfg
File: graphics.cfg 2009/08/28 v1.8 graphics configuration of TeX Live
)
Package graphics Info: Driver file: pdftex.def on input line 91.

(/usr/local/texlive/2009/texmf-dist/tex/latex/pdftex-def/pdftex.def
File: pdftex.def 2009/08/25 v0.04m Graphics/color for pdfTeX
\Gread@gobject=\count105
))
\Gin@req@height=\dimen117
\Gin@req@width=\dimen118
)
(/usr/local/texlive/2009/texmf-dist/tex/latex/setspace/setspace.sty
Package: setspace 2000/12/01 6.7 Contributed and Supported LaTeX2e package

Package: `setspace' 6.7 <2000/12/01>
) (/usr/local/texlive/2009/texmf-dist/tex/latex/amsfonts/amssymb.sty
Package: amssymb 2009/06/22 v3.00

(/usr/local/texlive/2009/texmf-dist/tex/latex/amsfonts/amsfonts.sty
Package: amsfonts 2009/06/22 v3.00 Basic AMSFonts support
\symAMSa=\mathgroup7
\symAMSb=\mathgroup8
LaTeX Font Info:    Overwriting math alphabet `\mathfrak' in version `bold'
(Font)                  U/euf/m/n --> U/euf/b/n on input line 96.
))
(/usr/local/texlive/2009/texmf-dist/tex/latex/hyperref/hyperref.sty
Package: hyperref 2009/10/09 v6.79a Hypertext links for LaTeX

(/usr/local/texlive/2009/texmf-dist/tex/generic/ifxetex/ifxetex.sty
Package: ifxetex 2009/01/23 v0.5 Provides ifxetex conditional
)
(/usr/local/texlive/2009/texmf-dist/tex/latex/oberdiek/hycolor.sty
Package: hycolor 2009/10/02 v1.5 Code for color options of hyperref/bookmark (H
O)

(/usr/local/texlive/2009/texmf-dist/tex/latex/oberdiek/xcolor-patch.sty
Package: xcolor-patch 2009/10/02 xcolor patch
))
\@linkdim=\dimen119
\Hy@linkcounter=\count106
\Hy@pagecounter=\count107

(/usr/local/texlive/2009/texmf-dist/tex/latex/hyperref/pd1enc.def
File: pd1enc.def 2009/10/09 v6.79a Hyperref: PDFDocEncoding definition (HO)
)
(/usr/local/texlive/2009/texmf-dist/tex/generic/oberdiek/etexcmds.sty
Package: etexcmds 2007/12/12 v1.2 Prefix for e-TeX command names (HO)

(/usr/local/texlive/2009/texmf-dist/tex/generic/oberdiek/infwarerr.sty
Package: infwarerr 2007/09/09 v1.2 Providing info/warning/message (HO)
)
Package etexcmds Info: Could not find \expanded.
(etexcmds)             That can mean that you are not using pdfTeX 1.50 or
(etexcmds)             that some package has redefined \expanded.
(etexcmds)             In the latter case, load this package earlier.
)
(/usr/local/texlive/2009/texmf-dist/tex/latex/latexconfig/hyperref.cfg
File: hyperref.cfg 2002/06/06 v1.2 hyperref configuration of TeXLive
)
(/usr/local/texlive/2009/texmf-dist/tex/latex/oberdiek/kvoptions.sty
Package: kvoptions 2009/08/13 v3.4 Keyval support for LaTeX options (HO)

(/usr/local/texlive/2009/texmf-dist/tex/generic/oberdiek/kvsetkeys.sty
Package: kvsetkeys 2009/07/30 v1.5 Key value parser with default handler suppor
t (HO)
))
Package hyperref Info: Option `unicode' set `true' on input line 2864.

(/usr/local/texlive/2009/texmf-dist/tex/latex/hyperref/puenc.def
File: puenc.def 2009/10/09 v6.79a Hyperref: PDF Unicode definition (HO)
)
Package hyperref Info: Option `bookmarks' set `true' on input line 2864.
Package hyperref Info: Option `bookmarksnumbered' set `false' on input line 286
4.
Package hyperref Info: Option `bookmarksopen' set `false' on input line 2864.
Package hyperref Info: Option `breaklinks' set `false' on input line 2864.
Package hyperref Info: Option `colorlinks' set `false' on input line 2864.
Package hyperref Info: Hyper figures OFF on input line 2975.
Package hyperref Info: Link nesting OFF on input line 2980.
Package hyperref Info: Hyper index ON on input line 2983.
Package hyperref Info: Plain pages OFF on input line 2990.
Package hyperref Info: Backreferencing OFF on input line 2995.

Implicit mode ON; LaTeX internals redefined
Package hyperref Info: Bookmarks ON on input line 3191.
(/usr/local/texlive/2009/texmf-dist/tex/latex/ltxmisc/url.sty
\Urlmuskip=\muskip11
Package: url 2006/04/12  ver 3.3  Verb mode for urls, etc.
)
LaTeX Info: Redefining \url on input line 3428.

(/usr/local/texlive/2009/texmf-dist/tex/generic/oberdiek/bitset.sty
Package: bitset 2007/09/28 v1.0 Data type bit set (HO)

(/usr/local/texlive/2009/texmf-dist/tex/generic/oberdiek/intcalc.sty
Package: intcalc 2007/09/27 v1.1 Expandable integer calculations (HO)
)
(/usr/local/texlive/2009/texmf-dist/tex/generic/oberdiek/bigintcalc.sty
Package: bigintcalc 2007/11/11 v1.1 Expandable big integer calculations (HO)

(/usr/local/texlive/2009/texmf-dist/tex/generic/oberdiek/pdftexcmds.sty
Package: pdftexcmds 2009/09/23 v0.6 LuaTeX support for pdfTeX utility functions
 (HO)

(/usr/local/texlive/2009/texmf-dist/tex/generic/oberdiek/ifluatex.sty
Package: ifluatex 2009/04/17 v1.2 Provides the ifluatex switch (HO)
Package ifluatex Info: LuaTeX not detected.
)
(/usr/local/texlive/2009/texmf-dist/tex/generic/oberdiek/ltxcmds.sty
Package: ltxcmds 2009/08/05 v1.0 Some LaTeX kernel commands for general use (HO
)
)
Package pdftexcmds Info: LuaTeX not detected.
Package pdftexcmds Info: \pdf@primitive is available.
Package pdftexcmds Info: \pdf@ifprimitive is available.
)))
\Fld@menulength=\count108
\Field@Width=\dimen120
\Fld@charsize=\dimen121
\Field@toks=\toks31
Package hyperref Info: Hyper figures OFF on input line 4377.
Package hyperref Info: Link nesting OFF on input line 4382.
Package hyperref Info: Hyper index ON on input line 4385.
Package hyperref Info: backreferencing OFF on input line 4392.
Package hyperref Info: Link coloring OFF on input line 4397.
Package hyperref Info: Link coloring with OCG OFF on input line 4402.
Package hyperref Info: PDF/A mode OFF on input line 4407.

(/usr/local/texlive/2009/texmf-dist/tex/generic/oberdiek/atbegshi.sty
Package: atbegshi 2008/07/31 v1.9 At begin shipout hook (HO)
)
\Hy@abspage=\count109
\c@Item=\count110
\c@Hfootnote=\count111
)
*hyperref using default driver hpdftex*
(/usr/local/texlive/2009/texmf-dist/tex/latex/hyperref/hpdftex.def
File: hpdftex.def 2009/10/09 v6.79a Hyperref driver for pdfTeX
\Fld@listcount=\count112
)
(/usr/local/texlive/2009/texmf-dist/tex/latex/soul/soul.sty
Package: soul 2003/11/17 v2.4 letterspacing/underlining (mf)
\SOUL@word=\toks32
\SOUL@lasttoken=\toks33
\SOUL@cmds=\toks34
\SOUL@buffer=\toks35
\SOUL@token=\toks36
\SOUL@spaceskip=\skip49
\SOUL@ttwidth=\dimen122
\SOUL@uldp=\dimen123
\SOUL@ulht=\dimen124
)
(/usr/local/texlive/2009/texmf-dist/tex/latex/graphics/color.sty
Package: color 2005/11/14 v1.0j Standard LaTeX Color (DPC)

(/usr/local/texlive/2009/texmf-dist/tex/latex/latexconfig/color.cfg
File: color.cfg 2007/01/18 v1.5 color configuration of teTeX/TeXLive
)
Package color Info: Driver file: pdftex.def on input line 130.
)
(/usr/local/texlive/2009/texmf-dist/tex/latex/tools/array.sty
Package: array 2008/09/09 v2.4c Tabular extension package (FMi)
\col@sep=\dimen125
\extrarowheight=\dimen126
\NC@list=\toks37
\extratabsurround=\skip50
\backup@length=\skip51
)
(/usr/local/texlive/2009/texmf-dist/tex/latex/glossaries/base/glossaries.sty
Package: glossaries 2009/09/23 v2.03 (NLCT)

(/usr/local/texlive/2009/texmf-dist/tex/latex/base/ifthen.sty
Package: ifthen 2001/05/26 v1.1c Standard LaTeX ifthen package (DPC)
)
(/usr/local/texlive/2009/texmf-dist/tex/latex/xkeyval/xkeyval.sty
Package: xkeyval 2008/08/13 v2.6a package option processing (HA)

(/usr/local/texlive/2009/texmf-dist/tex/generic/xkeyval/xkeyval.tex
\XKV@toks=\toks38
\XKV@tempa@toks=\toks39
\XKV@depth=\count113
File: xkeyval.tex 2008/08/13 v2.6a key=value parser (HA)
))
(/usr/local/texlive/2009/texmf-dist/tex/latex/glossaries/base/mfirstuc.sty
Package: mfirstuc 2008/12/22 v1.03 (NLCT)
)
(/usr/local/texlive/2009/texmf-dist/tex/latex/xfor/xfor.sty
Package: xfor 2009/02/05 v1.05 (NLCT)
)
(/usr/local/texlive/2009/texmf-dist/tex/latex/translator/translator.sty
Package: translator 2007/03/11 ver 1.00

(/usr/local/texlive/2009/texmf-dist/tex/latex/translator/translator-language-ma
ppings.tex))
\gls@level=\count114
\@gls@tmpb=\toks40
\gls@tmplen=\skip52
\istfile=\write3

(/usr/local/texlive/2009/texmf-dist/tex/latex/glossaries/styles/glossary-hypern
av.sty
Package: glossary-hypernav 2007/07/04 v1.01 (NLCT)
)
(/usr/local/texlive/2009/texmf-dist/tex/latex/glossaries/styles/glossary-list.s
ty
Package: glossary-list 2009/05/30 v2.01 (NLCT)
\glslistdottedwidth=\skip53
)
(/usr/local/texlive/2009/texmf-dist/tex/latex/glossaries/styles/glossary-long.s
ty
Package: glossary-long 2009/05/30 v2.01 (NLCT)
 (/usr/local/texlive/2009/texmf-dist/tex/latex/tools/longtable.sty
Package: longtable 2004/02/01 v4.11 Multi-page Table package (DPC)
\LTleft=\skip54
\LTright=\skip55
\LTpre=\skip56
\LTpost=\skip57
\LTchunksize=\count115
\LTcapwidth=\dimen127
\LT@head=\box30
\LT@firsthead=\box31
\LT@foot=\box32
\LT@lastfoot=\box33
\LT@cols=\count116
\LT@rows=\count117
\c@LT@tables=\count118
\c@LT@chunks=\count119
\LT@p@ftn=\toks41
)
\glsdescwidth=\skip58
\glspagelistwidth=\skip59
)
(/usr/local/texlive/2009/texmf-dist/tex/latex/glossaries/styles/glossary-super.
sty
Package: glossary-super 2009/05/30 v2.01 (NLCT)
 (/usr/local/texlive/2009/texmf-dist/tex/latex/supertabular/supertabular.sty
Package: supertabular 2004/02/20 v4.1e the supertabular environment
\c@tracingst=\count120
\ST@wd=\dimen128
\ST@rightskip=\skip60
\ST@leftskip=\skip61
\ST@parfillskip=\skip62
\ST@pageleft=\dimen129
\ST@headht=\dimen130
\ST@tailht=\dimen131
\ST@pagesofar=\dimen132
\ST@pboxht=\dimen133
\ST@lineht=\dimen134
\ST@stretchht=\dimen135
\ST@prevht=\dimen136
\ST@toadd=\dimen137
\ST@dimen=\dimen138
\ST@pbox=\box34
))
(/usr/local/texlive/2009/texmf-dist/tex/latex/glossaries/styles/glossary-tree.s
ty
Package: glossary-tree 2009/01/14 v1.01 (NLCT)
\glstreeindent=\skip63
)) (/usr/local/texlive/2009/texmf-dist/tex/latex/biblatex/biblatex.sty
Package: biblatex 2010/11/19 v1.0 programmable bibliographies

(/usr/local/texlive/2009/texmf-dist/tex/latex/etoolbox/etoolbox.sty
Package: etoolbox 2010/09/12 v2.0a e-TeX tools for LaTeX

(/usr/local/texlive/2009/texmf-dist/tex/latex/etex-pkg/etex.sty
Package: etex 1998/03/26 v2.0 eTeX basic definition package (PEB)
\et@xins=\count121
)
\etb@tempcnta=\count122
) (./logreq.sty
Package: logreq 2010/08/04 v1.0 xml request logger
\lrq@indent=\count123
(/usr/local/texlive/2009/texmf-dist/tex/latex/logreq/logreq.def
File: logreq.def 2010/08/04 v1.0 logreq spec v1.0
))
\c@listtotal=\count124
\c@listcount=\count125
\c@liststart=\count126
\c@liststop=\count127
\c@citecount=\count128
\c@citetotal=\count129
\c@multicitecount=\count130
\c@multicitetotal=\count131
\c@instcount=\count132
\c@maxnames=\count133
\c@minnames=\count134
\c@maxitems=\count135
\c@minitems=\count136
\c@uniquename=\count137
\c@refsection=\count138
\c@refsegment=\count139
\c@maxextrayear=\count140
\c@maxextraalpha=\count141
\c@abbrvpenalty=\count142
\c@highnamepenalty=\count143
\c@lownamepenalty=\count144
\c@maxparens=\count145
\c@parenlevel=\count146
\blx@tempcnta=\count147
\blx@tempcntb=\count148
\blx@maxsection=\count149
\blx@maxsegment=\count150
\blx@notetype=\count151
\blx@parenlevel@text=\count152
\blx@parenlevel@foot=\count153
\labelnumberwidth=\skip64
\labelalphawidth=\skip65
\shorthandwidth=\skip66
\biblabelsep=\skip67
\bibitemsep=\skip68
\bibnamesep=\skip69
\bibinitsep=\skip70
\bibparsep=\skip71
\bibhang=\skip72
\blx@auxin=\read1
\blx@auxout=\write4
\c@labelname=\count154
\c@author=\count155
\c@shortauthor=\count156
\c@editor=\count157
\c@editora=\count158
\c@editorb=\count159
\c@editorc=\count160
\c@shorteditor=\count161
\c@bookauthor=\count162
\c@translator=\count163
\c@annotator=\count164
\c@commentator=\count165
\c@introduction=\count166
\c@foreword=\count167
\c@afterword=\count168
\c@holder=\count169
\c@namea=\count170
\c@nameb=\count171
\c@namec=\count172
\c@institution=\count173
\c@language=\count174
\c@location=\count175
\c@organization=\count176
\c@origlocation=\count177
\c@origpublisher=\count178
\c@pageref=\count179
\c@publisher=\count180
\c@lista=\count181
\c@listb=\count182
\c@listc=\count183
\c@listd=\count184
\c@liste=\count185
\c@listf=\count186
Package biblatex Info: Trying to load compatibility code...
Package biblatex Info: ... file 'blx-compat.def' found.

(/usr/local/texlive/2009/texmf-dist/tex/latex/biblatex/blx-compat.def
File: blx-compat.def 2010/11/19 v1.0 biblatex generic compatibility
)
Package biblatex Info: Trying to load generic definitions...
Package biblatex Info: ... file 'biblatex.def' found.

(/usr/local/texlive/2009/texmf-dist/tex/latex/biblatex/biblatex.def
File: biblatex.def 2010/11/19 v1.0 biblatex generic definitions
\c@smartand=\count187
)
Package biblatex Info: Trying to load natbib compatibility...
Package biblatex Info: ... file 'blx-natbib.def' found.

(/usr/local/texlive/2009/texmf-dist/tex/latex/biblatex/blx-natbib.def
File: blx-natbib.def 2010/11/19 v1.0 biblatex natbib compatibility
)
Package biblatex Info: Trying to load bibliography style 'authortitle'...
Package biblatex Info: ... file 'authortitle.bbx' found.

(/usr/local/texlive/2009/texmf-dist/tex/latex/biblatex/bbx/authortitle.bbx
File: authortitle.bbx 2010/11/19 v1.0 biblatex bibliography style
Package biblatex Info: Trying to load bibliography style 'standard'...
Package biblatex Info: ... file 'standard.bbx' found.

(/usr/local/texlive/2009/texmf-dist/tex/latex/biblatex/bbx/standard.bbx
File: standard.bbx 2010/11/19 v1.0 biblatex bibliography style
))
Package biblatex Info: Trying to load citation style 'authortitle'...
Package biblatex Info: ... file 'authortitle.cbx' found.

(/usr/local/texlive/2009/texmf-dist/tex/latex/biblatex/cbx/authortitle.cbx
File: authortitle.cbx 2010/11/19 v1.0 biblatex citation style
Package biblatex Info: Redefining '\cite'.
Package biblatex Info: Redefining '\parencite'.
Package biblatex Info: Redefining '\footcite'.
Package biblatex Info: Redefining '\footcitetext'.
Package biblatex Info: Redefining '\textcite'.
)
Package biblatex Info: Trying to load configuration file...
Package biblatex Info: ... file 'biblatex.cfg' found.

(/usr/local/texlive/2009/texmf-dist/tex/latex/biblatex/biblatex.cfg
File: biblatex.cfg 
))
(./acronyms.tex) (./glossary.tex)
\glo@main@file=\write5
\openout5 = `thesis.glo'.

Package glossaries Info: Writing glossary file thesis.glo on input line 66.
Package biblatex Info: Trying to load language 'english'...
Package biblatex Info: ... file 'english.lbx' found.

(/usr/local/texlive/2009/texmf-dist/tex/latex/biblatex/lbx/english.lbx
File: english.lbx 2010/11/19 v1.0 biblatex localization
)

Package biblatex Warning: 'babel' detected but 'csquotes' missing.
(biblatex)                Loading 'csquotes' recommended.

\@quotelevel=\count188
\@quotereset=\count189
Package biblatex Info: Input encoding 'latin9' detected.
Package biblatex Info: Automatic encoding selection.
(biblatex)             Assuming data encoding 'latin9'.

Package biblatex Warning: Data encoding is 'latin9'.
(biblatex)                Use backend=bibtex8 or backend=biber.

(./thesis.aux

LaTeX Warning: Label `sec:slab waveguide' multiply defined.

)
\openout1 = `thesis.aux'.

LaTeX Font Info:    Checking defaults for OML/cmm/m/it on input line 68.
LaTeX Font Info:    ... okay on input line 68.
LaTeX Font Info:    Checking defaults for T1/cmr/m/n on input line 68.
LaTeX Font Info:    ... okay on input line 68.
LaTeX Font Info:    Checking defaults for OT1/cmr/m/n on input line 68.
LaTeX Font Info:    ... okay on input line 68.
LaTeX Font Info:    Checking defaults for OMS/cmsy/m/n on input line 68.
LaTeX Font Info:    ... okay on input line 68.
LaTeX Font Info:    Checking defaults for OMX/cmex/m/n on input line 68.
LaTeX Font Info:    ... okay on input line 68.
LaTeX Font Info:    Checking defaults for U/cmr/m/n on input line 68.
LaTeX Font Info:    ... okay on input line 68.
LaTeX Font Info:    Checking defaults for TS1/cmr/m/n on input line 68.
LaTeX Font Info:    Try loading font information for TS1+cmr on input line 68.
 (/usr/local/texlive/2009/texmf-dist/tex/latex/base/ts1cmr.fd
File: ts1cmr.fd 1999/05/25 v2.5h Standard LaTeX font definitions
)
LaTeX Font Info:    ... okay on input line 68.
LaTeX Font Info:    Checking defaults for PD1/pdf/m/n on input line 68.
LaTeX Font Info:    ... okay on input line 68.
LaTeX Font Info:    Checking defaults for PU/pdf/m/n on input line 68.
LaTeX Font Info:    ... okay on input line 68.
LaTeX Font Info:    Checking defaults for LGR/cmr/m/n on input line 68.
LaTeX Font Info:    Try loading font information for LGR+cmr on input line 68.

(/usr/local/texlive/2009/texmf-dist/tex/latex/cbfonts/lgrcmr.fd
File: lgrcmr.fd 2008/01/04 v1.0 Greek Computer Modern
)
LaTeX Font Info:    ... okay on input line 68.
LaTeX Font Info:    Try loading font information for T1+lmr on input line 68.

(/usr/local/texlive/2009/texmf-dist/tex/latex/lm/t1lmr.fd
File: t1lmr.fd 2009/10/30 v1.6 Font defs for Latin Modern
)
*geometry auto-detecting driver*
*geometry detected driver: pdftex*
-------------------- Geometry parameters
paper: letterpaper
landscape: --
twocolumn: --
twoside: --
asymmetric: --
h-parts: 56.9055pt, 500.484pt, 56.9055pt
v-parts: 85.35826pt, 652.70622pt, 56.9055pt
hmarginratio: --
vmarginratio: --
lines: --
heightrounded: --
bindingoffset: 0.0pt
truedimen: --
includehead: --
includefoot: --
includemp: --
driver: pdftex
-------------------- Page layout dimensions and switches
\paperwidth  614.295pt
\paperheight 794.96999pt
\textwidth  500.484pt
\textheight 652.70622pt
\oddsidemargin  -15.36449pt
\evensidemargin -15.36449pt
\topmargin  -18.78552pt
\headheight 12.0pt
\headsep    19.8738pt
\footskip   30.0pt
\marginparwidth 47.0pt
\marginparsep   7.0pt
\columnsep  10.0pt
\skip\footins  10.8pt plus 4.0pt minus 2.0pt
\hoffset 0.0pt
\voffset 0.0pt
\mag 1000

(1in=72.27pt, 1cm=28.45pt)
-----------------------
(/usr/local/texlive/2009/texmf-dist/tex/context/base/supp-pdf.mkii
[Loading MPS to PDF converter (version 2006.09.02).]
\scratchcounter=\count190
\scratchdimen=\dimen139
\scratchbox=\box35
\nofMPsegments=\count191
\nofMParguments=\count192
\everyMPshowfont=\toks42
\MPscratchCnt=\count193
\MPscratchDim=\dimen140
\MPnumerator=\count194
\everyMPtoPDFconversion=\toks43
)
Package hyperref Info: Link coloring OFF on input line 68.
 (/usr/local/texlive/2009/texmf-dist/tex/latex/hyperref/nameref.sty
Package: nameref 2007/05/29 v2.31 Cross-referencing by name of section

(/usr/local/texlive/2009/texmf-dist/tex/latex/oberdiek/refcount.sty
Package: refcount 2008/08/11 v3.1 Data extraction from references (HO)
)
\c@section@level=\count195
)
LaTeX Info: Redefining \ref on input line 68.
LaTeX Info: Redefining \pageref on input line 68.

(./thesis.out) (./thesis.out)
\@outlinefile=\write6
\openout6 = `thesis.out'.

\AtBeginShipoutBox=\box36

(/usr/local/texlive/2009/texmf-dist/tex/latex/glossaries/dict/glossaries-dictio
nary-English.dict
Dictionary: glossaries-dictionary, Language: English 
)
\openout4 = `thesis-blx.bib'.

Package biblatex Info: Trying to load bibliographic data...
Package biblatex Info: ... file 'thesis.bbl' found.
 (./thesis.bbl

Package biblatex Warning: BibTeX reported the following issues
(biblatex)                with 'Attar:2008p2147':
(biblatex)                - Invalid format of field 'month'.


Package biblatex Warning: BibTeX reported the following issues
(biblatex)                with 'Baumann:2007p775':
(biblatex)                - Invalid format of field 'month'.


Package biblatex Warning: BibTeX reported the following issues
(biblatex)                with 'Bedrosian:1962p772':
(biblatex)                - Invalid format of field 'month'.


Package biblatex Warning: BibTeX reported the following issues
(biblatex)                with 'Born:2000p1607':
(biblatex)                - Invalid format of field 'month'.


Package biblatex Warning: BibTeX reported the following issues
(biblatex)                with 'Braem:1994p2520':
(biblatex)                - Invalid format of field 'month'.


Package biblatex Warning: BibTeX reported the following issues
(biblatex)                with 'Brandenburg:2003p2055':
(biblatex)                - Invalid format of field 'month'.


Package biblatex Warning: BibTeX reported the following issues
(biblatex)                with 'Braz:2009p2143':
(biblatex)                - Invalid format of field 'month'.


Package biblatex Warning: BibTeX reported the following issues
(biblatex)                with 'Burke:2001p2517':
(biblatex)                - Invalid format of field 'month'.


Package biblatex Warning: BibTeX reported the following issues
(biblatex)                with 'Cense:2004p2285':
(biblatex)                - Invalid format of field 'month'.


Package biblatex Warning: BibTeX reported the following issues
(biblatex)                with 'ChooSmith:2008p1834':
(biblatex)                - Invalid format of field 'month'.


Package biblatex Warning: BibTeX reported the following issues
(biblatex)                with 'Cocorullo:1992p1595':
(biblatex)                - Invalid format of field 'month'.


Package biblatex Warning: BibTeX reported the following issues
(biblatex)                with 'Danforth:2003p2286':
(biblatex)                - Invalid format of field 'month'.


Package biblatex Warning: BibTeX reported the following issues
(biblatex)                with 'Drexler:2004p1728':
(biblatex)                - Invalid format of field 'month'.


Package biblatex Warning: BibTeX reported the following issues
(biblatex)                with 'Gabrielli:2009p1173':
(biblatex)                - Invalid format of field 'month'.


Package biblatex Warning: BibTeX reported the following issues
(biblatex)                with 'Garoushi:2007p2191':
(biblatex)                - Invalid format of field 'month'.


Package biblatex Warning: BibTeX reported the following issues
(biblatex)                with 'Gidon:1988p1765':
(biblatex)                - Invalid format of field 'month'.


Package biblatex Warning: BibTeX reported the following issues
(biblatex)                with 'Hanks:1988p2379':
(biblatex)                - Invalid format of field 'month'.


Package biblatex Warning: BibTeX reported the following issues
(biblatex)                with 'Hsu:2002p2439':
(biblatex)                - Invalid format of field 'month'.


Package biblatex Warning: BibTeX reported the following issues
(biblatex)                with 'Kauffman:2006p2144':
(biblatex)                - Invalid format of field 'month'.


Package biblatex Warning: BibTeX reported the following issues
(biblatex)                with 'Kyotoku:2006p153':
(biblatex)                - Invalid format of field 'month'.


Package biblatex Warning: BibTeX reported the following issues
(biblatex)                with 'Lassila:2004p2512':
(biblatex)                - Invalid format of field 'month'.


Package biblatex Warning: BibTeX reported the following issues
(biblatex)                with 'Loughran:2005p2526':
(biblatex)                - Invalid format of field 'month'.


Package biblatex Warning: BibTeX reported the following issues
(biblatex)                with 'Mecholsky:1995p2523':
(biblatex)                - Invalid format of field 'month'.


Package biblatex Warning: BibTeX reported the following issues
(biblatex)                with 'DeMelo:2005p2100':
(biblatex)                - Invalid format of field 'month'.


Package biblatex Warning: BibTeX reported the following issues
(biblatex)                with 'Mjor:2002p2276':
(biblatex)                - Invalid format of field 'month'.


Package biblatex Warning: BibTeX reported the following issues
(biblatex)                with 'Negrutiu:2009p2189':
(biblatex)                - Invalid format of field 'month'.


Package biblatex Warning: BibTeX reported the following issues
(biblatex)                with 'Rantala:2003p2481':
(biblatex)                - Invalid format of field 'month'.


Package biblatex Warning: BibTeX reported the following issues
(biblatex)                with 'Soderholm:1990p2521':
(biblatex)                - Invalid format of field 'month'.


Package biblatex Warning: BibTeX reported the following issues
(biblatex)                with 'Sun:2010p837':
(biblatex)                - Invalid format of field 'month'.


Package biblatex Warning: BibTeX reported the following issues
(biblatex)                with 'Wang:2007p771':
(biblatex)                - Invalid format of field 'month'.


Package biblatex Warning: BibTeX reported the following issues
(biblatex)                with 'White:2000p2224':
(biblatex)                - Invalid format of field 'month'.


Package biblatex Warning: BibTeX reported the following issues
(biblatex)                with 'Xie:2008p2148':
(biblatex)                - Invalid format of field 'month'.

)
Package biblatex Info: Reference section=0 on input line 68.
Package biblatex Info: Reference segment=0 on input line 68.
 (./thesis.toc
LaTeX Font Info:    Try loading font information for OT1+lmr on input line 9.
 (/usr/local/texlive/2009/texmf-dist/tex/latex/lm/ot1lmr.fd
File: ot1lmr.fd 2009/10/30 v1.6 Font defs for Latin Modern
)
LaTeX Font Info:    Try loading font information for OML+lmm on input line 9.

(/usr/local/texlive/2009/texmf-dist/tex/latex/lm/omllmm.fd
File: omllmm.fd 2009/10/30 v1.6 Font defs for Latin Modern
)
LaTeX Font Info:    Try loading font information for OMS+lmsy on input line 9.

(/usr/local/texlive/2009/texmf-dist/tex/latex/lm/omslmsy.fd
File: omslmsy.fd 2009/10/30 v1.6 Font defs for Latin Modern
)
LaTeX Font Info:    Try loading font information for OMX+lmex on input line 9.

(/usr/local/texlive/2009/texmf-dist/tex/latex/lm/omxlmex.fd
File: omxlmex.fd 2009/10/30 v1.6 Font defs for Latin Modern
)
LaTeX Font Info:    External font `lmex10' loaded for size
(Font)              <12> on input line 9.
LaTeX Font Info:    External font `lmex10' loaded for size
(Font)              <8> on input line 9.
LaTeX Font Info:    External font `lmex10' loaded for size
(Font)              <6> on input line 9.
LaTeX Font Info:    Try loading font information for U+msa on input line 9.

(/usr/local/texlive/2009/texmf-dist/tex/latex/amsfonts/umsa.fd
File: umsa.fd 2009/06/22 v3.00 AMS symbols A
)
LaTeX Font Info:    Try loading font information for U+msb on input line 9.

(/usr/local/texlive/2009/texmf-dist/tex/latex/amsfonts/umsb.fd
File: umsb.fd 2009/06/22 v3.00 AMS symbols B
) [1

\openout3 = `thesis.ist'.


{/usr/local/texlive/2009/texmf-var/fonts/map/pdftex/updmap/pdftex.map}] [2] [3]
)
\tf@toc=\write7
\openout7 = `thesis.toc'.

 [4]
[5

] [6] [7

] [8]
Chapter 1.
LaTeX Font Info:    External font `lmex10' loaded for size
(Font)              <10> on input line 92.
LaTeX Font Info:    External font `lmex10' loaded for size
(Font)              <7> on input line 92.
LaTeX Font Info:    External font `lmex10' loaded for size
(Font)              <5> on input line 92.
(./interferometer.pdf_tex
<interferometer.pdf, id=596, 227.62204pt x 170.71654pt>
File: interferometer.pdf Graphic file (type pdf)

<use interferometer.pdf>)

LaTeX Warning: `h' float specifier changed to `ht'.

[9

] [10 <./interferometer.pdf>] (./interferometerGraphics.pdf_tex
<InterferometerGraphics.pdf, id=632, 483.69682pt x 170.71654pt>
File: InterferometerGraphics.pdf Graphic file (type pdf)

<use InterferometerGraphics.pdf>) [11 <./InterferometerGraphics.pdf>]
LaTeX Font Info:    Try loading font information for T1+lmtt on input line 157.


(/usr/local/texlive/2009/texmf-dist/tex/latex/lm/t1lmtt.fd
File: t1lmtt.fd 2009/10/30 v1.6 Font defs for Latin Modern
)
(./interferometerSample.pdf_tex
<interferometerSample.pdf, id=663, 227.62204pt x 170.71654pt>
File: interferometerSample.pdf Graphic file (type pdf)

<use interferometerSample.pdf>) (./interferogram-TD.pdf_tex
<interferogram-TD.pdf, id=665, 227.62204pt x 170.71654pt>
File: interferogram-TD.pdf Graphic file (type pdf)

<use interferogram-TD.pdf>) [12] [13 <./interferometerSample.pdf> <./interferog
ram-TD.pdf>] [14] [15] [16]
Chapter 2.
(./interferometer.pdf_tex
File: interferometer.pdf Graphic file (type pdf)
 <use interferometer.pdf>)

LaTeX Warning: `h' float specifier changed to `ht'.

[17

] [18] (./freqInterferometerGraph.pdf_tex
<freqInterferometerGraph.pdf, id=760, 227.62204pt x 170.71654pt>
File: freqInterferometerGraph.pdf Graphic file (type pdf)

<use freqInterferometerGraph.pdf>) (./BiLayerInterferometer.pdf_tex
<BiLayerInterferometer.pdf, id=762, 227.62204pt x 170.71654pt>
File: BiLayerInterferometer.pdf Graphic file (type pdf)

<use BiLayerInterferometer.pdf>) [19 <./freqInterferometerGraph.pdf> <./BiLayer
Interferometer.pdf>] (./graphInterferenceBiLayer.pdf_tex
<graphInterferenceBiLayer.pdf, id=775, 227.62204pt x 170.71654pt>
File: graphInterferenceBiLayer.pdf Graphic file (type pdf)

<use graphInterferenceBiLayer.pdf>) (./graphInterferenceBiLayerFT.pdf_tex
<graphInterferenceBiLayerFT.pdf, id=777, 227.62204pt x 170.71654pt>
File: graphInterferenceBiLayerFT.pdf Graphic file (type pdf)

<use graphInterferenceBiLayerFT.pdf>)

LaTeX Warning: `h' float specifier changed to `ht'.

[20] [21 <./graphInterferenceBiLayer.pdf> <./graphInterferenceBiLayerFT.pdf>]
[22] [23]

Package hyperref Warning: Empty destination name,
(hyperref)                using `UNDEFINED' on input line 419.

[24] [25]
LaTeX Font Info:    Try loading font information for TS1+lmr on input line 459.

 (/usr/local/texlive/2009/texmf-dist/tex/latex/lm/ts1lmr.fd
File: ts1lmr.fd 2009/10/30 v1.6 Font defs for Latin Modern
) [26]
(./spectraloct.pdf_tex <spectralOCT.pdf, id=893, 448.66718pt x 114.8514pt>
File: spectralOCT.pdf Graphic file (type pdf)

<use spectralOCT.pdf>)
LaTeX Font Info:    Try loading font information for LGR+lmr on input line 475.


(/usr/local/texlive/2009/texmf-dist/tex/latex/cbfonts/lgrlmr.fd
File: lgrlmr.fd 2008/01/02 v1.0 Greek Computer Modern
) [27 <./spectralOCT.pdf>]
</Users/bernardo/Dropbox/thesis/pasted9.pdf, id=908, 257.18774pt x 25.13861pt>
File: /Users/bernardo/Dropbox/thesis/pasted9.pdf Graphic file (type pdf)

<use /Users/bernardo/Dropbox/thesis/pasted9.pdf>
</Users/bernardo/Dropbox/thesis/pasted10.pdf, id=909, 263.63353pt x 81.86174pt>
File: /Users/bernardo/Dropbox/thesis/pasted10.pdf Graphic file (type pdf)
<use /Users/bernardo/Dropbox/thesis/pasted10.pdf> [28 </Users/bernardo/Dropbox/
thesis/pasted9.pdf> </Users/bernardo/Dropbox/thesis/pasted10.pdf>]
</Users/bernardo/Dropbox/thesis/pasted11.pdf, id=1074, 260.4106pt x 39.964pt>
File: /Users/bernardo/Dropbox/thesis/pasted11.pdf Graphic file (type pdf)

<use /Users/bernardo/Dropbox/thesis/pasted11.pdf> [29 </Users/bernardo/Dropbox/
thesis/pasted11.pdf>] (./claudiafig3.pdf_tex
<claudiaFig3.pdf, id=1151, 484.7241pt x 115.41846pt>
File: claudiaFig3.pdf Graphic file (type pdf)
 <use claudiaFig3.pdf>)

LaTeX Warning: `h' float specifier changed to `ht'.

(./swept_source_setup_schematics.pdf_tex
<swept_source_setup_schematics.pdf, id=1153, 227.62204pt x 170.71654pt>
File: swept_source_setup_schematics.pdf Graphic file (type pdf)

<use swept_source_setup_schematics.pdf>) [30] [31 <./claudiaFig3.pdf> <./swept_
source_setup_schematics.pdf>] [32]
Chapter 3.
[33

] [34] <frc-1.png, id=1362, 557.08125pt x 341.275pt>
File: frc-1.png Graphic file (type png)
 <use frc-1.png>
<FRC-setup.pdf, id=1363, 166.5913pt x 132.0935pt>
File: FRC-setup.pdf Graphic file (type pdf)
 <use FRC-setup.pdf>
<frc-2-a.png, id=1368, 467.7475pt x 331.2375pt>
File: frc-2-a.png Graphic file (type png)
 <use frc-2-a.png>
<frc-2-b.png, id=1369, 467.7475pt x 331.2375pt>
File: frc-2-b.png Graphic file (type png)
 <use frc-2-b.png>

LaTeX Warning: `h' float specifier changed to `ht'.

[35 <./frc-1.png (PNG copy)> <./FRC-setup.pdf>] [36 <./frc-2-a.png (PNG copy)> 
<./frc-2-b.png (PNG copy)>] [37] [38] (./debora-2.pdf_tex
<debora-2.pdf, id=1445, 350.03632pt x 151.13295pt>
File: debora-2.pdf Graphic file (type pdf)
 <use debora-2.pdf>)
(./debora-3.pdf_tex <debora-3.pdf, id=1453, 423.85213pt x 118.43416pt>
File: debora-3.pdf Graphic file (type pdf)

<use debora-3.pdf>)

LaTeX Warning: `h' float specifier changed to `ht'.

(./debora-4.pdf_tex <debora-4.pdf, id=1466, 480.89713pt x 99.3701pt>
File: debora-4.pdf Graphic file (type pdf)

<use debora-4.pdf>) [39 <./debora-2.pdf>] (./debora-5.pdf_tex
<debora-5.pdf, id=1492, 376.16496pt x 107.93811pt>
File: debora-5.pdf Graphic file (type pdf)
 <use debora-5.pdf>)

LaTeX Warning: `h' float specifier changed to `ht'.

[40 <./debora-3.pdf> <./debora-4.pdf>]
<debora-6.png, id=1529, 522.95375pt x 480.79625pt>
File: debora-6.png Graphic file (type png)
 <use debora-6.png> [41 <./debora-5.pdf> <./debora-6.png (PNG copy)>] [42]
<claudiaFig1.pdf, id=1555, 483.69682pt x 170.71654pt>
File: claudiaFig1.pdf Graphic file (type pdf)
 <use claudiaFig1.pdf>

LaTeX Warning: `h' float specifier changed to `ht'.


LaTeX Warning: Reference `clinical photos' on page 43 undefined on input line 6
99.


LaTeX Warning: Reference `clinical photos' on page 43 undefined on input line 6
99.

[43]
Underfull \hbox (badness 10000) in paragraph at lines 719--720
[]\T1/lmr/m/n/12 X-Ray exam
 []


Underfull \hbox (badness 1102) in paragraph at lines 722--723
[]\T1/lmr/m/n/12 OCT de-
 []


Overfull \hbox (13.58607pt too wide) in paragraph at lines 711--741
  [] 
 []

[44 <./claudiaFig1.pdf>]

LaTeX Warning: Reference `fig:good restoration' on page 45 undefined on input l
ine 745.


LaTeX Warning: Reference `fig:good restoration' on page 45 undefined on input l
ine 745.


LaTeX Warning: Reference `fig:good restoration' on page 45 undefined on input l
ine 745.


LaTeX Warning: Reference `fig:good restoration' on page 45 undefined on input l
ine 745.

(./claudiaFig4.pdf_tex <claudiaFig4.pdf, id=1596, 389.62697pt x 283.47697pt>
File: claudiaFig4.pdf Graphic file (type pdf)

<use claudiaFig4.pdf>)

LaTeX Warning: `h' float specifier changed to `ht'.

(./claudiaFig5.pdf_tex <claudiaFig5.pdf, id=1601, 412.62366pt x 284.52753pt>
File: claudiaFig5.pdf Graphic file (type pdf)

<use claudiaFig5.pdf>)

LaTeX Warning: `h' float specifier changed to `ht'.

(./claudiaFig6.pdf_tex <claudiaFig6.pdf, id=1607, 334.97379pt x 284.64987pt>
File: claudiaFig6.pdf Graphic file (type pdf)

<use claudiaFig6.pdf>)

LaTeX Warning: `h' float specifier changed to `ht'.

<claudiaFig7.pdf, id=1611, 151.50722pt x 170.48326pt>
File: claudiaFig7.pdf Graphic file (type pdf)
 <use claudiaFig7.pdf>
<claudiaFig8.pdf, id=1613, 193.63416pt x 169.84906pt>
File: claudiaFig8.pdf Graphic file (type pdf)
 <use claudiaFig8.pdf>
<claudiaFig9.pdf, id=1615, 111.71426pt x 171.40135pt>
File: claudiaFig9.pdf Graphic file (type pdf)
 <use claudiaFig9.pdf>
[45]

LaTeX Warning: `h' float specifier changed to `ht'.

[46 <./claudiaFig4.pdf>] [47 <./claudiaFig5.pdf>] [48 <./claudiaFig6.pdf>]
[49 <./claudiaFig7.pdf> <./claudiaFig8.pdf> <./claudiaFig9.pdf>] [50] [51]
[52

]

Package hyperref Warning: Difference (2) between bookmark levels is greater 
(hyperref)                than one, level fixed on input line 821.

[53] <figures/slab.pdf, id=1788, 354.1969pt x 154.54007pt>
File: figures/slab.pdf Graphic file (type pdf)

<use figures/slab.pdf> [54 <./figures/slab.pdf>] [55] [56]

LaTeX Warning: Reference `eq:baundary conditions' on page 57 undefined on input
 line 1032.

[57] (./ring-schematics.pdf_tex
<ring-schematics.pdf, id=1881, 227.62204pt x 170.71654pt>
File: ring-schematics.pdf Graphic file (type pdf)

<use ring-schematics.pdf>) [58 <./ring-schematics.pdf>] [59]
<exp_decay.pdf, id=1916, 518.53723pt x 157.18726pt>
File: exp_decay.pdf Graphic file (type pdf)
 <use exp_decay.pdf>
Overfull \hbox (18.05197pt too wide) in paragraph at lines 1083--1084
 [][] 
 []

[60 <./exp_decay.pdf>]

LaTeX Warning: Reference `' on page 61 undefined on input line 1096.


Overfull \hbox (77.60144pt too wide) in paragraph at lines 1098--1109
  [] 
 []

LaTeX Font Info:    External font `lmex10' loaded for size
(Font)              <14.4> on input line 1123.

Package hyperref Warning: Token not allowed in a PDF string (Unicode):
(hyperref)                removing `math shift' on input line 1123.


Package hyperref Warning: Token not allowed in a PDF string (Unicode):
(hyperref)                removing `\chi' on input line 1123.


Package hyperref Warning: Token not allowed in a PDF string (Unicode):
(hyperref)                removing `superscript' on input line 1123.


Package hyperref Warning: Token not allowed in a PDF string (Unicode):
(hyperref)                removing `math shift' on input line 1123.

(./silicon_electrorefraction.pdf_tex
<silicon_electrorefraction.pdf, id=1969, 483.69682pt x 170.71654pt>
File: silicon_electrorefraction.pdf Graphic file (type pdf)

<use silicon_electrorefraction.pdf>) [61]
<graphs/detectorResponsivity.pdf, id=1995, 260.17201pt x 195.129pt>
File: graphs/detectorResponsivity.pdf Graphic file (type pdf)

<use graphs/detectorResponsivity.pdf>

LaTeX Warning: `h' float specifier changed to `ht'.

[62 <./silicon_electrorefraction.pdf>] [63 <./graphs/detectorResponsivity.pdf>]
Chapter 4.
[64

] (./grating-theory.pdf_tex
<grating-theory.pdf, id=2035, 455.2441pt x 142.26376pt>
File: grating-theory.pdf Graphic file (type pdf)

<use grating-theory.pdf>) [65 <./grating-theory.pdf>]
<diffraction-grating-basic.pdf, id=2053, 433.62pt x 578.16pt>
File: diffraction-grating-basic.pdf Graphic file (type pdf)

<use diffraction-grating-basic.pdf> [66] [67 <./diffraction-grating-basic.pdf>]
[68] [69] [70] [71] (./czerny-turner.pdf_tex
<czerny-turner.pdf, id=2116, 307.8861pt x 144.32373pt>
File: czerny-turner.pdf Graphic file (type pdf)
 <use czerny-turner.pdf>)

LaTeX Warning: `h' float specifier changed to `ht'.

[72] (./slit_width.pdf_tex <slit_width.pdf, id=2127, 455.2441pt x 113.81102pt>
File: slit_width.pdf Graphic file (type pdf)

<use slit_width.pdf>) [73 <./czerny-turner.pdf> <./slit_width.pdf>]
(./rowland-mounting.pdf_tex
<rowland-mounting.pdf, id=2173, 455.2441pt x 113.81102pt>
File: rowland-mounting.pdf Graphic file (type pdf)

<use rowland-mounting.pdf>) [74 <./rowland-mounting.pdf>] (./awg.pdf_tex
<awg.pdf, id=2192, 253.41573pt x 165.75896pt>
File: awg.pdf Graphic file (type pdf)
 <use awg.pdf>) [75 <./awg.pdf>]
(./gaussian-beam.pdf_tex
<gaussian-beam.pdf, id=2204, 455.2441pt x 142.26376pt>
File: gaussian-beam.pdf Graphic file (type pdf)
 <use gaussian-beam.pdf>) [76 <./gaussian-beam.pdf>] [77]

LaTeX Warning: Reference `eq:resolving power' on page 78 undefined on input lin
e 1446.

(./aberration-free.pdf_tex
<aberration-free.pdf, id=2246, 455.2441pt x 142.26376pt>
File: aberration-free.pdf Graphic file (type pdf)

<use aberration-free.pdf>) [78]
Overfull \hbox (106.48303pt too wide) detected at line 1468
[][] \OT1/lmr/m/n/12 + [] = \OML/lmm/m/it/12 ^^U[] [] [] [] [] [] ;
 []

[79 <./aberration-free.pdf>]
<graphs/aberrationComp.png, id=2276, 272.4579pt x 207.4149pt>
File: graphs/aberrationComp.png Graphic file (type png)

<use graphs/aberrationComp.png> [80 <./graphs/aberrationComp.png>]
(./KH.pdf_tex <KH.pdf, id=2308, 363.39632pt x 156.71466pt>
File: KH.pdf Graphic file (type pdf)
 <use KH.pdf>)
[81 <./KH.pdf>] [82] <./wdm.pdf, id=2348, 615.29875pt x 285.065pt>
File: ./wdm.pdf Graphic file (type pdf)

<use ./wdm.pdf>

LaTeX Warning: `h' float specifier changed to `ht'.

<graphs/slabDispersion.pdf, id=2349, 245.718pt x 173.448pt>
File: graphs/slabDispersion.pdf Graphic file (type pdf)

<use graphs/slabDispersion.pdf>
<graphs/slabGroupDispersion.pdf, id=2350, 245.718pt x 173.448pt>
File: graphs/slabGroupDispersion.pdf Graphic file (type pdf)

<use graphs/slabGroupDispersion.pdf>

LaTeX Warning: `h' float specifier changed to `ht'.


Underfull \hbox (badness 10000) in paragraph at lines 1556--1556
[][][][]$\T1/lmtt/m/n/10 http : / / www . jeol . com / PRODUCTS / Semiconductor
Equipment / ElectronBeamLithography / JBX9300FS /
 []

[83] [84 <./wdm.pdf>] (./linearDispersionSchematics.pdf_tex
<linearDispersionSchematics.pdf, id=2381, 227.62204pt x 170.71654pt>
File: linearDispersionSchematics.pdf Graphic file (type pdf)

<use linearDispersionSchematics.pdf>)
Underfull \hbox (badness 3407) in paragraph at lines 1585--1585
[][][]  \T1/lmr/m/n/10 Chowd-hury   and Inc,   []  ``De-sign of low-loss and
 []


Underfull \hbox (badness 3942) in paragraph at lines 1585--1585
\T1/lmr/m/n/10 polarization-insensitive reflectiongrating-based pla-nar
 []


</Users/bernardo/Dropbox/thesis/graphs/outAngleXinAngle.pdf, id=2385, 231.26399
pt x 173.448pt>
File: /Users/bernardo/Dropbox/thesis/graphs/outAngleXinAngle.pdf Graphic file (
type pdf)

<use /Users/bernardo/Dropbox/thesis/graphs/outAngleXinAngle.pdf> [85 <./graphs/
slabDispersion.pdf> <./graphs/slabGroupDispersion.pdf> <./linearDispersionSchem
atics.pdf> </Users/bernardo/Dropbox/thesis/graphs/outAngleXinAngle.pdf>]
(./setup.pdf_tex <setup.pdf, id=2446, 433.45851pt x 290.17644pt>
File: setup.pdf Graphic file (type pdf)

<use setup.pdf>) [86] (./setup1.pdf_tex
<setup1.pdf, id=2458, 455.2441pt x 142.26376pt>
File: setup1.pdf Graphic file (type pdf)
 <use setup1.pdf>)

LaTeX Warning: `h' float specifier changed to `ht'.

<graphs/gen5.pdf, id=2462, 505.89pt x 289.08pt>
File: graphs/gen5.pdf Graphic file (type pdf)
 <use graphs/gen5.pdf>
Overfull \hbox (5.40475pt too wide) in paragraph at lines 1636--1637
[][] 
 []


LaTeX Warning: `h' float specifier changed to `ht'.

[87 <./setup.pdf>] [88 <./setup1.pdf> <./graphs/gen5.pdf>]
Chapter 5.
(./resonator-enhanced-sep.pdf_tex
<resonator-enhanced-sep.pdf, id=2495, 227.62204pt x 170.71654pt>
File: resonator-enhanced-sep.pdf Graphic file (type pdf)

<use resonator-enhanced-sep.pdf>)
<ring-enhaced-sep.pdf, id=2497, 243.91125pt x 186.09525pt>
File: ring-enhaced-sep.pdf Graphic file (type pdf)

<use ring-enhaced-sep.pdf>

LaTeX Warning: `h' float specifier changed to `ht'.

(./resonator-enhanced-tog.pdf_tex
<resonator-enhanced-tog.pdf, id=2498, 227.62204pt x 170.71654pt>
File: resonator-enhanced-tog.pdf Graphic file (type pdf)

<use resonator-enhanced-tog.pdf>)
<ring-enhaced-tog.pdf, id=2500, 243.91125pt x 186.09525pt>
File: ring-enhaced-tog.pdf Graphic file (type pdf)

<use ring-enhaced-tog.pdf>

LaTeX Warning: `h' float specifier changed to `ht'.


LaTeX Warning: Reference `Fig:combination-spectrum-demo' on page 89 undefined o
n input line 1680.

[89

] [90 <./resonator-enhanced-sep.pdf> <./ring-enhaced-sep.pdf>]
<figures/fab-1.png, id=2533, 546.04pt x 247.92625pt>
File: figures/fab-1.png Graphic file (type png)
 <use figures/fab-1.png>

LaTeX Warning: `h' float specifier changed to `ht'.

(./chip2.pdf_tex <chip2.pdf, id=2534, 490.9285pt x 361.63571pt>
File: chip2.pdf Graphic file (type pdf)

<use chip2.pdf>)

LaTeX Warning: `h' float specifier changed to `ht'.

<ring-through.pdf, id=2537, 243.91125pt x 186.09525pt>
File: ring-through.pdf Graphic file (type pdf)
 <use ring-through.pdf>
<ring-through-zoom.pdf, id=2538, 243.91125pt x 186.09525pt>
File: ring-through-zoom.pdf Graphic file (type pdf)

<use ring-through-zoom.pdf> [91 <./resonator-enhanced-tog.pdf> <./ring-enhaced-
tog.pdf>]

LaTeX Warning: `h' float specifier changed to `ht'.

<graphs/low-density-ring-enhanced.pdf, id=2563, 518.53723pt x 229.45726pt>
File: graphs/low-density-ring-enhanced.pdf Graphic file (type pdf)

<use graphs/low-density-ring-enhanced.pdf>
Overfull \hbox (20.66304pt too wide) in paragraph at lines 1731--1733
  [] 
 []


LaTeX Warning: `h' float specifier changed to `ht'.

(./tandem.pdf_tex <tandem.pdf, id=2564, 227.62204pt x 170.71654pt>
File: tandem.pdf Graphic file (type pdf)

<use tandem.pdf>) (./serial-time.pdf_tex
<serial-time.pdf, id=2566, 227.62204pt x 170.71654pt>
File: serial-time.pdf Graphic file (type pdf)
 <use serial-time.pdf>)
[92 <./figures/fab-1.png>]

LaTeX Warning: `h' float specifier changed to `ht'.

(./setup2.pdf_tex <setup2.pdf, id=2576, 455.2441pt x 142.26376pt>
File: setup2.pdf Graphic file (type pdf)

<use setup2.pdf>) [93 <./chip2.pdf>]

LaTeX Warning: `h' float specifier changed to `ht'.

<resonance-tempshift.pdf, id=2600, 231.26399pt x 173.448pt>
File: resonance-tempshift.pdf Graphic file (type pdf)

<use resonance-tempshift.pdf>
<tempshift-fit.pdf, id=2601, 243.91125pt x 186.09525pt>
File: tempshift-fit.pdf Graphic file (type pdf)

<use tempshift-fit.pdf>

LaTeX Warning: `h' float specifier changed to `ht'.

<ring-cal-fit.pdf, id=2602, 243.91125pt x 186.09525pt>
File: ring-cal-fit.pdf Graphic file (type pdf)
 <use ring-cal-fit.pdf>

LaTeX Warning: `h' float specifier changed to `ht'.

<graphs/hundred.pdf, id=2603, 518.53723pt x 229.45726pt>
File: graphs/hundred.pdf Graphic file (type pdf)

<use graphs/hundred.pdf>
Overfull \hbox (18.05197pt too wide) in paragraph at lines 1787--1788
 [] 
 []


LaTeX Warning: `h' float specifier changed to `ht'.

<graphs/hundred_density.pdf, id=2604, 443.2164pt x 174.19307pt>
File: graphs/hundred_density.pdf Graphic file (type pdf)

<use graphs/hundred_density.pdf>

LaTeX Warning: `h' float specifier changed to `ht'.

[94 <./ring-through.pdf> <./ring-through-zoom.pdf>] [95 <./graphs/low-density-r
ing-enhanced.pdf>] [96 <./tandem.pdf> <./serial-time.pdf> <./setup2.pdf> <./res
onance-tempshift.pdf> <./tempshift-fit.pdf>] [97 <./ring-cal-fit.pdf> <./graphs
/hundred.pdf>] [98 <./graphs/hundred_density.pdf>] [99

] (./KHapendix1.pdf_tex
<KHapendix1.pdf, id=2764, 455.2441pt x 142.26376pt>
File: KHapendix1.pdf Graphic file (type pdf)
 <use KHapendix1.pdf>)
[100

 <./KHapendix1.pdf>]
Overfull \hbox (21.87228pt too wide) detected at line 1899
[]\OML/lmm/m/it/12 E[] \OT1/lmr/m/n/12 = [][] [] \OML/lmm/m/it/12 E [] [] [] []
 [] dP[]
 []


Overfull \hbox (120.07558pt too wide) detected at line 1901
[]\OML/lmm/m/it/12 E[] \OT1/lmr/m/n/12 = [][][] [] [] [] \OML/lmm/m/it/12 e[]e[
] [] dP[]
 []


Overfull \hbox (202.49458pt too wide) detected at line 1903
[]\OML/lmm/m/it/12 E[] \OT1/lmr/m/n/12 = [][][]\OML/lmm/m/it/12 e[] []
 []

[101] (./KHgeneral.pdf_tex <KHgeneral.pdf, id=2795, 455.2441pt x 142.26376pt>
File: KHgeneral.pdf Graphic file (type pdf)

<use KHgeneral.pdf>) [102

 <./KHgeneral.pdf>] [103]
Overfull \hbox (33.8544pt too wide) detected at line 1949
[] [] [] \OT1/lmr/m/n/12 = [] = [] = [] = [] \OMS/lmsy/m/n/12 ^^@ [] \OT1/lmr/m
/n/12 = [] \OMS/lmsy/m/n/12 ^^@ []
 []

[104

] (./thesis.gls [105]) [106


] (./thesis.aux)

LaTeX Warning: There were undefined references.


LaTeX Warning: There were multiply-defined labels.

Package logreq Info: Writing requests to 'thesis.run.xml'.
\openout1 = `thesis.run.xml'.

 ) 
Here is how much of TeX's memory you used:
 15534 strings out of 493848
 240596 string characters out of 3149207
 512559 words of memory out of 3000000
 17692 multiletter control sequences out of 15000+200000
 120241 words of font info for 95 fonts, out of 3000000 for 9000
 714 hyphenation exceptions out of 8191
 43i,16n,70p,2328b,2829s stack positions out of 5000i,500n,10000p,200000b,50000s
pdfTeX warning (dest): name{cite.0@Shi:2003p121} has been referenced but does
 not exist, replaced by a fixed one

pdfTeX warning (dest): name{cite.0@Brouckaert:2008p108} has been referenced but
 does not exist, replaced by a fixed one

pdfTeX warning (dest): name{cite.0@SherwoodDroz:2008p57} has been referenced bu
t does not exist, replaced by a fixed one

pdfTeX warning (dest): name{cite.0@Foster:2008p71} has been referenced but does
 not exist, replaced by a fixed one

pdfTeX warning (dest): name{cite.0@MahadevanJansen:2010p89} has been referenced
 but does not exist, replaced by a fixed one

pdfTeX warning (dest): name{cite.0@Kneipp:1999p20} has been referenced but does
 not exist, replaced by a fixed one

pdfTeX warning (dest): name{cite.0@Ellis:2006p27} has been referenced but does 
not exist, replaced by a fixed one

pdfTeX warning (dest): name{cite.0@Nitkowski:2008p58} has been referenced but d
oes not exist, replaced by a fixed one

pdfTeX warning (dest): name{cite.0@Chowdhury:2000p56} has been referenced but d
oes not exist, replaced by a fixed one

pdfTeX warning (dest): name{cite.0@Brouckaert:2007p82} has been referenced but 
does not exist, replaced by a fixed one

pdfTeX warning (dest): name{cite.0@Gidon:1988p1765} has been referenced but doe
s not exist, replaced by a fixed one

pdfTeX warning (dest): name{cite.0@Horst:2009p1764} has been referenced but doe
s not exist, replaced by a fixed one

pdfTeX warning (dest): name{cite.0@McGreer:1996p15} has been referenced but doe
s not exist, replaced by a fixed one

pdfTeX warning (dest): name{cite.0@Gabrielli:2009p1173} has been referenced but
 does not exist, replaced by a fixed one

pdfTeX warning (dest): name{cite.0@Velzel:1976p67} has been referenced but does
 not exist, replaced by a fixed one

pdfTeX warning (dest): name{cite.0@Namioka:1959p48} has been referenced but doe
s not exist, replaced by a fixed one

pdfTeX warning (dest): name{cite.0@Beutler:1945p8} has been referenced but does
 not exist, replaced by a fixed one

pdfTeX warning (dest): name{cite.0@Marz:1992p28} has been referenced but does n
ot exist, replaced by a fixed one

pdfTeX warning (dest): name{cite.0@Takahashi:1990p122} has been referenced but 
does not exist, replaced by a fixed one

pdfTeX warning (dest): name{cite.0@Rowland:1883p38} has been referenced but doe
s not exist, replaced by a fixed one

pdfTeX warning (dest): name{cite.0@Born:2000p1607} has been referenced but does
 not exist, replaced by a fixed one

pdfTeX warning (dest): name{cite.0@Florjanczyk:2007p1602} has been referenced b
ut does not exist, replaced by a fixed one

pdfTeX warning (dest): name{cite.0@Assefa:2009p35} has been referenced but does
 not exist, replaced by a fixed one

pdfTeX warning (dest): name{Hfootnote.67} has been referenced but does not exis
t, replaced by a fixed one

pdfTeX warning (dest): name{cite.0@Cocorullo:1992p1595} has been referenced but
 does not exist, replaced by a fixed one

pdfTeX warning (dest): name{Hfootnote.65} has been referenced but does not exis
t, replaced by a fixed one

pdfTeX warning (dest): name{Hfootnote.62} has been referenced but does not exis
t, replaced by a fixed one

pdfTeX warning (dest): name{cite.0@Vorckel:2003p86} has been referenced but doe
s not exist, replaced by a fixed one

pdfTeX warning (dest): name{cite.0@Little:1997p39} has been referenced but does
 not exist, replaced by a fixed one

pdfTeX warning (dest): name{cite.0@Hutcheson:1980p1771} has been referenced but
 does not exist, replaced by a fixed one

pdfTeX warning (dest): name{cite.0@Baets:1983p1772} has been referenced but doe
s not exist, replaced by a fixed one

pdfTeX warning (dest): name{cite.0@Miyagi:1978p1770} has been referenced but do
es not exist, replaced by a fixed one

pdfTeX warning (dest): name{cite.0@Orcutt:2008p1769} has been referenced but do
es not exist, replaced by a fixed one

pdfTeX warning (dest): name{cite.0@Brandenburg:2003p2055} has been referenced b
ut does not exist, replaced by a fixed one

pdfTeX warning (dest): name{cite.0@ChooSmith:2008p1834} has been referenced but
 does not exist, replaced by a fixed one

pdfTeX warning (dest): name{cite.0@White:2000p2224} has been referenced but doe
s not exist, replaced by a fixed one

pdfTeX warning (dest): name{cite.0@Garoushi:2007p2191} has been referenced but 
does not exist, replaced by a fixed one

pdfTeX warning (dest): name{cite.0@Drexler:2004p1728} has been referenced but d
oes not exist, replaced by a fixed one

pdfTeX warning (dest): name{cite.0@Colston:1998p1677} has been referenced but d
oes not exist, replaced by a fixed one

pdfTeX warning (dest): name{cite.0@Danforth:2003p2286} has been referenced but 
does not exist, replaced by a fixed one

pdfTeX warning (dest): name{cite.0@Kauffman:2006p2144} has been referenced but 
does not exist, replaced by a fixed one

pdfTeX warning (dest): name{cite.0@Braz:2009p2143} has been referenced but does
 not exist, replaced by a fixed one

pdfTeX warning (dest): name{cite.0@Freitas:2009p2142} has been referenced but d
oes not exist, replaced by a fixed one

pdfTeX warning (dest): name{cite.0@Mjor:2002p2276} has been referenced but does
 not exist, replaced by a fixed one

pdfTeX warning (dest): name{cite.0@Hanks:1988p2379} has been referenced but doe
s not exist, replaced by a fixed one

pdfTeX warning (dest): name{cite.0@Loughran:2005p2526} has been referenced but 
does not exist, replaced by a fixed one

pdfTeX warning (dest): name{cite.0@Mecholsky:1995p2523} has been referenced but
 does not exist, replaced by a fixed one

pdfTeX warning (dest): name{cite.0@Kyotoku:2007p788} has been referenced but do
es not exist, replaced by a fixed one

pdfTeX warning (dest): name{cite.0@Soderholm:1990p2521} has been referenced but
 does not exist, replaced by a fixed one

pdfTeX warning (dest): name{cite.0@Braem:1994p2520} has been referenced but doe
s not exist, replaced by a fixed one

pdfTeX warning (dest): name{cite.0@Burke:2001p2517} has been referenced but doe
s not exist, replaced by a fixed one

pdfTeX warning (dest): name{cite.0@Lassila:2004p2512} has been referenced but d
oes not exist, replaced by a fixed one

pdfTeX warning (dest): name{cite.0@Rantala:2003p2481} has been referenced but d
oes not exist, replaced by a fixed one

pdfTeX warning (dest): name{cite.0@Attar:2008p2147} has been referenced but doe
s not exist, replaced by a fixed one

pdfTeX warning (dest): name{cite.0@DeMelo:2005p2100} has been referenced but do
es not exist, replaced by a fixed one

pdfTeX warning (dest): name{cite.0@Xie:2008p2148} has been referenced but does 
not exist, replaced by a fixed one

pdfTeX warning (dest): name{cite.0@Negrutiu:2009p2189} has been referenced but 
does not exist, replaced by a fixed one

pdfTeX warning (dest): name{cite.0@Xie:2003p88} has been referenced but does no
t exist, replaced by a fixed one

pdfTeX warning (dest): name{cite.0@Yeow:2005p66} has been referenced but does n
ot exist, replaced by a fixed one

pdfTeX warning (dest): name{cite.0@Sun:2010p837} has been referenced but does n
ot exist, replaced by a fixed one

pdfTeX warning (dest): name{cite.0@huber:2006p1731} has been referenced but doe
s not exist, replaced by a fixed one

pdfTeX warning (dest): name{cite.0@bajraszewski:2008p1743} has been referenced 
but does not exist, replaced by a fixed one

pdfTeX warning (dest): name{cite.0@Leitgeb:2003p1678} has been referenced but d
oes not exist, replaced by a fixed one

pdfTeX warning (dest): name{cite.0@Wojtkowski:2002p3} has been referenced but d
oes not exist, replaced by a fixed one

pdfTeX warning (dest): name{cite.0@Cense:2004p2285} has been referenced but doe
s not exist, replaced by a fixed one

pdfTeX warning (dest): name{cite.0@Hsu:2002p2439} has been referenced but does 
not exist, replaced by a fixed one

pdfTeX warning (dest): name{cite.0@Baumann:2007p775} has been referenced but do
es not exist, replaced by a fixed one

pdfTeX warning (dest): name{cite.0@Wang:2007p771} has been referenced but does 
not exist, replaced by a fixed one

pdfTeX warning (dest): name{cite.0@Bedrosian:1962p772} has been referenced but 
does not exist, replaced by a fixed one

pdfTeX warning (dest): name{cite.0@Targowski:2004p1713} has been referenced but
 does not exist, replaced by a fixed one

pdfTeX warning (dest): name{UNDEFINED} has been referenced but does not exist, 
replaced by a fixed one

pdfTeX warning (dest): name{cite.0@Gotzinger:2005p1712} has been referenced but
 does not exist, replaced by a fixed one

pdfTeX warning (dest): name{cite.0@Leitgeb:2003p1779} has been referenced but d
oes not exist, replaced by a fixed one

pdfTeX warning (dest): name{cite.0@Bachmann:2006p1691} has been referenced but 
does not exist, replaced by a fixed one

pdfTeX warning (dest): name{cite.0@Houser:1994p1780} has been referenced but do
es not exist, replaced by a fixed one

pdfTeX warning (dest): name{cite.0@Fercher:1995p1683} has been referenced but d
oes not exist, replaced by a fixed one

pdfTeX warning (dest): name{cite.0@Kyotoku:2007p137} has been referenced but do
es not exist, replaced by a fixed one

pdfTeX warning (dest): name{cite.0@Kyotoku:2006p153} has been referenced but do
es not exist, replaced by a fixed one

pdfTeX warning (dest): name{cite.0@Fonseca:2009p1} has been referenced but does
 not exist, replaced by a fixed one

{/usr/local/texlive/2009/texmf-dist/fonts/enc/dvips/lm/lm-ec.enc}{/usr/local/te
xlive/2009/texmf-dist/fonts/enc/dvips/lm/lm-rm.enc}{/usr/local/texlive/2009/tex
mf-dist/fonts/enc/dvips/lm/lm-ts1.enc}{/usr/local/texlive/2009/texmf-dist/fonts
/enc/dvips/lm/lm-mathsy.enc}{/usr/local/texlive/2009/texmf-dist/fonts/enc/dvips
/lm/lm-mathit.enc}{/usr/local/texlive/2009/texmf-dist/fonts/enc/dvips/lm/lm-mat
hex.enc}</usr/local/texlive/2009/texmf-dist/fonts/type1/public/amsfonts/cm/cmmi
12.pfb></usr/local/texlive/2009/texmf-dist/fonts/type1/public/amsfonts/cm/cmmi8
.pfb></usr/local/texlive/2009/texmf-dist/fonts/type1/public/amsfonts/cm/cmr12.p
fb></usr/local/texlive/2009/texmf-dist/fonts/type1/public/amsfonts/cm/cmr8.pfb>
</usr/local/texlive/2009/texmf-dist/fonts/type1/public/amsfonts/cm/cmsy10.pfb><
/usr/local/texlive/2009/texmf-dist/fonts/type1/public/cbfonts/grmn1200.pfb></us
r/local/texlive/2009/texmf-dist/fonts/type1/public/lm/lmbx12.pfb></usr/local/te
xlive/2009/texmf-dist/fonts/type1/public/lm/lmbxi10.pfb></usr/local/texlive/200
9/texmf-dist/fonts/type1/public/lm/lmex10.pfb></usr/local/texlive/2009/texmf-di
st/fonts/type1/public/lm/lmmi12.pfb></usr/local/texlive/2009/texmf-dist/fonts/t
ype1/public/lm/lmmi6.pfb></usr/local/texlive/2009/texmf-dist/fonts/type1/public
/lm/lmmi8.pfb></usr/local/texlive/2009/texmf-dist/fonts/type1/public/lm/lmr10.p
fb></usr/local/texlive/2009/texmf-dist/fonts/type1/public/lm/lmr12.pfb></usr/lo
cal/texlive/2009/texmf-dist/fonts/type1/public/lm/lmr6.pfb></usr/local/texlive/
2009/texmf-dist/fonts/type1/public/lm/lmr7.pfb></usr/local/texlive/2009/texmf-d
ist/fonts/type1/public/lm/lmr8.pfb></usr/local/texlive/2009/texmf-dist/fonts/ty
pe1/public/lm/lmri10.pfb></usr/local/texlive/2009/texmf-dist/fonts/type1/public
/lm/lmri12.pfb></usr/local/texlive/2009/texmf-dist/fonts/type1/public/lm/lmri7.
pfb></usr/local/texlive/2009/texmf-dist/fonts/type1/public/lm/lmri8.pfb></usr/l
ocal/texlive/2009/texmf-dist/fonts/type1/public/lm/lmro12.pfb></usr/local/texli
ve/2009/texmf-dist/fonts/type1/public/lm/lmsy10.pfb></usr/local/texlive/2009/te
xmf-dist/fonts/type1/public/lm/lmsy6.pfb></usr/local/texlive/2009/texmf-dist/fo
nts/type1/public/lm/lmsy8.pfb></usr/local/texlive/2009/texmf-dist/fonts/type1/p
ublic/lm/lmtt10.pfb></usr/local/texlive/2009/texmf-dist/fonts/type1/public/amsf
onts/symbols/msbm10.pfb></usr/local/texlive/2009/texmf-dist/fonts/type1/urw/hel
vetic/uhvr8a.pfb></usr/local/texlive/2009/texmf-dist/fonts/type1/urw/ncntrsbk/u
ncr8a.pfb>
Output written on thesis.pdf (106 pages, 16346900 bytes).
PDF statistics:
 3083 PDF objects out of 3580 (max. 8388607)
 642 named destinations out of 1000 (max. 500000)
 1217 words of extra memory for PDF output out of 10000 (max. 10000000)

